2.5159 	WARNING 	We strongly recommend you activate the PTB sound engine in PsychoPy prefs as the preferred audio engine. Its timing is vastly superior. Your prefs are currently set to use ['sounddevice', 'PTB', 'pyo', 'pygame'] (in that order).
11.4217 	WARNING 	User requested fullscreen with size [1088  614], but screen is actually [1360, 768]. Using actual size
13.1362 	EXP 	Created window1 = Window(allowGUI=False, allowStencil=False, args=UNKNOWN, autoLog=True, bitsMode=UNKNOWN, blendMode='avg', bpc=(8, 8, 8), color=array([0., 0., 0.]), colorSpace='rgb', depthBits=8, fullscr=<method-wrapper '__getattribute__' of attributeSetter object at 0x0000022D155D47F0>, gamma=None, gammaErrorPolicy='raise', kwargs=UNKNOWN, lms=UNKNOWN, monitor=<psychopy.monitors.calibTools.Monitor object at 0x0000022D15163208>, multiSample=False, name='window1', numSamples=2, pos=[0.0, 0.0], screen=0, size=array([1360,  768]), stencilBits=0, stereo=False, units='height', useFBO=True, useRetina=False, viewOri=0.0, viewPos=None, viewScale=None, waitBlanking=True, winType='pyglet')
13.1363 	EXP 	window1: recordFrameIntervals = False
13.3020 	EXP 	window1: recordFrameIntervals = True
13.4856 	EXP 	window1: recordFrameIntervals = False
14.1905 	EXP 	Created instr1 = TextStim(__class__=<class 'psychopy.visual.text.TextStim'>, alignHoriz=method-wrapper(...), alignText='center', alignVert=method-wrapper(...), anchorHoriz='center', anchorVert='center', antialias=True, autoLog=True, bold=False, color='white', colorSpace='named', contrast=1.0, depth=0.0, flipHoriz=False, flipVert=False, font='Arial', fontFiles=[], height=0.05, italic=False, languageStyle='LTR', name='instr1', opacity=1.0, ori=0, pos=array([0., 0.]), rgb=array([255., 255., 255.]), text=str(...), units='height', win=Window(...), wrapWidth=1)
14.1997 	EXP 	Created fix1 = TextStim(__class__=<class 'psychopy.visual.text.TextStim'>, alignHoriz=method-wrapper(...), alignText='center', alignVert=method-wrapper(...), anchorHoriz='center', anchorVert='center', antialias=True, autoLog=True, bold=False, color='white', colorSpace='named', contrast=1.0, depth=0.0, flipHoriz=False, flipVert=False, font='Arial', fontFiles=[], height=0.05, italic=False, languageStyle='LTR', name='fix1', opacity=1.0, ori=0, pos=array([0., 0.]), rgb=array([255., 255., 255.]), text='+', units='height', win=Window(...), wrapWidth=1)
14.2004 	EXP 	window1: mouseVisible = False
14.2226 	EXP 	Created trial1Target = Polygon(__class__=<class 'psychopy.visual.polygon.Polygon'>, autoDraw=False, autoLog=True, closeShape=True, color=method-wrapper(...), colorSpace=None, contrast=1.0, depth=-2.0, fillColor=array([1., 1., 1.]), fillColorSpace='rgb', fillRGB=array([1., 1., 1.]), interpolate=True, lineColor=array([1., 1., 1.]), lineColorSpace='rgb', lineRGB=array([1., 1., 1.]), lineWidth=1, name='trial1Target', opacity=1.0, ori=array(0.), pos=array([0., 0.]), size=array([0.05, 0.05]), units='height', vertices=ndarray(...), win=Window(...))
14.2412 	EXP 	Created trial1Home = Polygon(__class__=<class 'psychopy.visual.polygon.Polygon'>, autoDraw=False, autoLog=True, closeShape=True, color=method-wrapper(...), colorSpace=None, contrast=1.0, depth=-3.0, fillColor=array([1., 1., 1.]), fillColorSpace='rgb', fillRGB=array([1., 1., 1.]), interpolate=True, lineColor=array([1., 1., 1.]), lineColorSpace='rgb', lineRGB=array([1., 1., 1.]), lineWidth=1, name='trial1Home', opacity=1.0, ori=array(0.), pos=array([0., 0.]), size=array([0.05, 0.05]), units='height', vertices=ndarray(...), win=Window(...))
14.2563 	EXP 	Created trial1Cursor = Polygon(__class__=<class 'psychopy.visual.polygon.Polygon'>, autoDraw=False, autoLog=True, closeShape=True, color=method-wrapper(...), colorSpace=None, contrast=1.0, depth=-4.0, fillColor=array([-1., -1., -1.]), fillColorSpace='rgb', fillRGB=array([-1., -1., -1.]), interpolate=True, lineColor=array([-1., -1., -1.]), lineColorSpace='rgb', lineRGB=array([-1., -1., -1.]), lineWidth=1, name='trial1Cursor', opacity=1.0, ori=array(0.), pos=array([0., 0.]), size=array([0.025, 0.025]), units='height', vertices=ndarray(...), win=Window(...))
14.2644 	EXP 	Created trial1Num = TextStim(__class__=<class 'psychopy.visual.text.TextStim'>, alignHoriz=method-wrapper(...), alignText='center', alignVert=method-wrapper(...), anchorHoriz='center', anchorVert='center', antialias=True, autoLog=True, bold=False, color='white', colorSpace='named', contrast=1.0, depth=-6.0, flipHoriz=False, flipVert=False, font='Arial', fontFiles=[], height=0.05, italic=False, languageStyle='LTR', name='trial1Num', opacity=1.0, ori=0, pos=array([-0.4,  0.4]), rgb=array([255., 255., 255.]), text='30', units='height', win=Window(...), wrapWidth=1)
14.3008 	EXP 	Created instr2 = TextStim(__class__=<class 'psychopy.visual.text.TextStim'>, alignHoriz=method-wrapper(...), alignText='center', alignVert=method-wrapper(...), anchorHoriz='center', anchorVert='center', antialias=True, autoLog=True, bold=False, color='white', colorSpace='named', contrast=1.0, depth=0.0, flipHoriz=False, flipVert=False, font='Arial', fontFiles=[], height=0.05, italic=False, languageStyle='LTR', name='instr2', opacity=1.0, ori=0, pos=array([0., 0.]), rgb=array([255., 255., 255.]), text=str(...), units='height', win=Window(...), wrapWidth=1)
14.3042 	EXP 	Created fix2 = TextStim(__class__=<class 'psychopy.visual.text.TextStim'>, alignHoriz=method-wrapper(...), alignText='center', alignVert=method-wrapper(...), anchorHoriz='center', anchorVert='center', antialias=True, autoLog=True, bold=False, color='white', colorSpace='named', contrast=1.0, depth=0.0, flipHoriz=False, flipVert=False, font='Arial', fontFiles=[], height=0.05, italic=False, languageStyle='LTR', name='fix2', opacity=1.0, ori=0, pos=array([0., 0.]), rgb=array([255., 255., 255.]), text='+', units='height', win=Window(...), wrapWidth=1)
14.3047 	EXP 	window1: mouseVisible = False
14.3185 	EXP 	Created trial2Target = Polygon(__class__=<class 'psychopy.visual.polygon.Polygon'>, autoDraw=False, autoLog=True, closeShape=True, color=method-wrapper(...), colorSpace=None, contrast=1.0, depth=-2.0, fillColor=array([1., 1., 1.]), fillColorSpace='rgb', fillRGB=array([1., 1., 1.]), interpolate=True, lineColor=array([1., 1., 1.]), lineColorSpace='rgb', lineRGB=array([1., 1., 1.]), lineWidth=1, name='trial2Target', opacity=1.0, ori=array(0.), pos=array([0., 0.]), size=array([0.05, 0.05]), units='height', vertices=ndarray(...), win=Window(...))
14.3319 	EXP 	Created trial2Home = Polygon(__class__=<class 'psychopy.visual.polygon.Polygon'>, autoDraw=False, autoLog=True, closeShape=True, color=method-wrapper(...), colorSpace=None, contrast=1.0, depth=-3.0, fillColor=array([1., 1., 1.]), fillColorSpace='rgb', fillRGB=array([1., 1., 1.]), interpolate=True, lineColor=array([1., 1., 1.]), lineColorSpace='rgb', lineRGB=array([1., 1., 1.]), lineWidth=1, name='trial2Home', opacity=1.0, ori=array(0.), pos=array([0., 0.]), size=array([0.05, 0.05]), units='height', vertices=ndarray(...), win=Window(...))
14.3454 	EXP 	Created trial2Cursor = Polygon(__class__=<class 'psychopy.visual.polygon.Polygon'>, autoDraw=False, autoLog=True, closeShape=True, color=method-wrapper(...), colorSpace=None, contrast=1.0, depth=-4.0, fillColor=array([-1., -1., -1.]), fillColorSpace='rgb', fillRGB=array([-1., -1., -1.]), interpolate=True, lineColor=array([-1., -1., -1.]), lineColorSpace='rgb', lineRGB=array([-1., -1., -1.]), lineWidth=1, name='trial2Cursor', opacity=1.0, ori=array(0.), pos=array([0., 0.]), size=array([0.025, 0.025]), units='height', vertices=ndarray(...), win=Window(...))
14.3516 	EXP 	Created trial2Num = TextStim(__class__=<class 'psychopy.visual.text.TextStim'>, alignHoriz=method-wrapper(...), alignText='center', alignVert=method-wrapper(...), anchorHoriz='center', anchorVert='center', antialias=True, autoLog=True, bold=False, color='white', colorSpace='named', contrast=1.0, depth=-6.0, flipHoriz=False, flipVert=False, font='Arial', fontFiles=[], height=0.05, italic=False, languageStyle='LTR', name='trial2Num', opacity=1.0, ori=0, pos=array([-0.4,  0.4]), rgb=array([255., 255., 255.]), text='90', units='height', win=Window(...), wrapWidth=1)
14.3699 	EXP 	Created instr3 = TextStim(__class__=<class 'psychopy.visual.text.TextStim'>, alignHoriz=method-wrapper(...), alignText='center', alignVert=method-wrapper(...), anchorHoriz='center', anchorVert='center', antialias=True, autoLog=True, bold=False, color='white', colorSpace='named', contrast=1.0, depth=0.0, flipHoriz=False, flipVert=False, font='Arial', fontFiles=[], height=0.05, italic=False, languageStyle='LTR', name='instr3', opacity=1.0, ori=0, pos=array([0., 0.]), rgb=array([255., 255., 255.]), text=str(...), units='height', win=Window(...), wrapWidth=1)
14.3732 	EXP 	Created fix3 = TextStim(__class__=<class 'psychopy.visual.text.TextStim'>, alignHoriz=method-wrapper(...), alignText='center', alignVert=method-wrapper(...), anchorHoriz='center', anchorVert='center', antialias=True, autoLog=True, bold=False, color='white', colorSpace='named', contrast=1.0, depth=0.0, flipHoriz=False, flipVert=False, font='Arial', fontFiles=[], height=0.05, italic=False, languageStyle='LTR', name='fix3', opacity=1.0, ori=0, pos=array([0., 0.]), rgb=array([255., 255., 255.]), text='+', units='height', win=Window(...), wrapWidth=1)
14.3738 	EXP 	window1: mouseVisible = False
14.3906 	EXP 	Created trial3Target = Polygon(__class__=<class 'psychopy.visual.polygon.Polygon'>, autoDraw=False, autoLog=True, closeShape=True, color=method-wrapper(...), colorSpace=None, contrast=1.0, depth=-2.0, fillColor=array([1., 1., 1.]), fillColorSpace='rgb', fillRGB=array([1., 1., 1.]), interpolate=True, lineColor=array([1., 1., 1.]), lineColorSpace='rgb', lineRGB=array([1., 1., 1.]), lineWidth=1, name='trial3Target', opacity=1.0, ori=array(0.), pos=array([0., 0.]), size=array([0.05, 0.05]), units='height', vertices=ndarray(...), win=Window(...))
14.4042 	EXP 	Created trial3Home = Polygon(__class__=<class 'psychopy.visual.polygon.Polygon'>, autoDraw=False, autoLog=True, closeShape=True, color=method-wrapper(...), colorSpace=None, contrast=1.0, depth=-3.0, fillColor=array([1., 1., 1.]), fillColorSpace='rgb', fillRGB=array([1., 1., 1.]), interpolate=True, lineColor=array([1., 1., 1.]), lineColorSpace='rgb', lineRGB=array([1., 1., 1.]), lineWidth=1, name='trial3Home', opacity=1.0, ori=array(0.), pos=array([0., 0.]), size=array([0.05, 0.05]), units='height', vertices=ndarray(...), win=Window(...))
14.4176 	EXP 	Created trial3Cursor = Polygon(__class__=<class 'psychopy.visual.polygon.Polygon'>, autoDraw=False, autoLog=True, closeShape=True, color=method-wrapper(...), colorSpace=None, contrast=1.0, depth=-4.0, fillColor=array([-1., -1., -1.]), fillColorSpace='rgb', fillRGB=array([-1., -1., -1.]), interpolate=True, lineColor=array([-1., -1., -1.]), lineColorSpace='rgb', lineRGB=array([-1., -1., -1.]), lineWidth=1, name='trial3Cursor', opacity=1.0, ori=array(0.), pos=array([0., 0.]), size=array([0.025, 0.025]), units='height', vertices=ndarray(...), win=Window(...))
14.4212 	EXP 	Created trial3Num = TextStim(__class__=<class 'psychopy.visual.text.TextStim'>, alignHoriz=method-wrapper(...), alignText='center', alignVert=method-wrapper(...), anchorHoriz='center', anchorVert='center', antialias=True, autoLog=True, bold=False, color='white', colorSpace='named', contrast=1.0, depth=-6.0, flipHoriz=False, flipVert=False, font='Arial', fontFiles=[], height=0.05, italic=False, languageStyle='LTR', name='trial3Num', opacity=1.0, ori=0, pos=array([-0.4,  0.4]), rgb=array([255., 255., 255.]), text='30', units='height', win=Window(...), wrapWidth=1)
14.4371 	EXP 	Created thanks = TextStim(__class__=<class 'psychopy.visual.text.TextStim'>, alignHoriz=method-wrapper(...), alignText='center', alignVert=method-wrapper(...), anchorHoriz='center', anchorVert='center', antialias=True, autoLog=True, bold=False, color='white', colorSpace='named', contrast=1.0, depth=0.0, flipHoriz=False, flipVert=False, font='Arial', fontFiles=[], height=0.05, italic=False, languageStyle='LTR', name='thanks', opacity=1.0, ori=0, pos=array([0., 0.]), rgb=array([255., 255., 255.]), text=str(...), units='height', win=Window(...), wrapWidth=1)
14.4714 	EXP 	instr1: autoDraw = True
15.9588 	DATA 	Keypress: space
15.9676 	EXP 	instr1: autoDraw = False
15.9676 	EXP 	fix1: autoDraw = True
16.9535 	EXP 	Created sequence: sequential, trialTypes=1, nReps=30, seed=None
16.9542 	EXP 	New trial (rep=0, index=0): None
16.9716 	EXP 	fix1: autoDraw = False
16.9716 	EXP 	fix1: autoDraw = False
16.9716 	EXP 	trial1Num: text = '1'
16.9716 	EXP 	trial1Cursor: pos = (1.5, 1.5)
16.9716 	EXP 	trial1Target: autoDraw = True
16.9716 	EXP 	trial1Home: autoDraw = True
16.9716 	EXP 	trial1Cursor: autoDraw = True
16.9716 	EXP 	trial1Num: autoDraw = True
19.4669 	EXP 	New trial (rep=1, index=0): None
19.4818 	EXP 	trial1Target: autoDraw = False
19.4818 	EXP 	trial1Home: autoDraw = False
19.4818 	EXP 	trial1Cursor: autoDraw = False
19.4818 	EXP 	trial1Num: autoDraw = False
19.4818 	EXP 	trial1Num: text = '2'
19.4818 	EXP 	trial1Cursor: pos = (1.5, 1.5)
19.4818 	EXP 	trial1Target: autoDraw = True
19.4818 	EXP 	trial1Home: autoDraw = True
19.4818 	EXP 	trial1Cursor: autoDraw = True
19.4818 	EXP 	trial1Num: autoDraw = True
21.0286 	EXP 	New trial (rep=2, index=0): None
21.0424 	EXP 	trial1Target: autoDraw = False
21.0424 	EXP 	trial1Home: autoDraw = False
21.0424 	EXP 	trial1Cursor: autoDraw = False
21.0424 	EXP 	trial1Num: autoDraw = False
21.0424 	EXP 	trial1Num: text = '3'
21.0424 	EXP 	trial1Cursor: pos = (1.5, 1.5)
21.0424 	EXP 	trial1Target: autoDraw = True
21.0424 	EXP 	trial1Home: autoDraw = True
21.0424 	EXP 	trial1Cursor: autoDraw = True
21.0424 	EXP 	trial1Num: autoDraw = True
22.1483 	EXP 	New trial (rep=3, index=0): None
22.1629 	EXP 	trial1Target: autoDraw = False
22.1629 	EXP 	trial1Home: autoDraw = False
22.1629 	EXP 	trial1Cursor: autoDraw = False
22.1629 	EXP 	trial1Num: autoDraw = False
22.1629 	EXP 	trial1Num: text = '4'
22.1629 	EXP 	trial1Cursor: pos = (1.5, 1.5)
22.1629 	EXP 	trial1Target: autoDraw = True
22.1629 	EXP 	trial1Home: autoDraw = True
22.1629 	EXP 	trial1Cursor: autoDraw = True
22.1629 	EXP 	trial1Num: autoDraw = True
23.4300 	EXP 	New trial (rep=4, index=0): None
23.4471 	EXP 	trial1Target: autoDraw = False
23.4471 	EXP 	trial1Home: autoDraw = False
23.4471 	EXP 	trial1Cursor: autoDraw = False
23.4471 	EXP 	trial1Num: autoDraw = False
23.4471 	EXP 	trial1Num: text = '5'
23.4471 	EXP 	trial1Cursor: pos = (1.5, 1.5)
23.4471 	EXP 	trial1Target: autoDraw = True
23.4471 	EXP 	trial1Home: autoDraw = True
23.4471 	EXP 	trial1Cursor: autoDraw = True
23.4471 	EXP 	trial1Num: autoDraw = True
24.6135 	EXP 	New trial (rep=5, index=0): None
24.6283 	EXP 	trial1Target: autoDraw = False
24.6283 	EXP 	trial1Home: autoDraw = False
24.6283 	EXP 	trial1Cursor: autoDraw = False
24.6283 	EXP 	trial1Num: autoDraw = False
24.6283 	EXP 	trial1Num: text = '6'
24.6283 	EXP 	trial1Cursor: pos = (1.5, 1.5)
24.6283 	EXP 	trial1Target: autoDraw = True
24.6283 	EXP 	trial1Home: autoDraw = True
24.6283 	EXP 	trial1Cursor: autoDraw = True
24.6283 	EXP 	trial1Num: autoDraw = True
25.8955 	EXP 	New trial (rep=6, index=0): None
25.9111 	EXP 	trial1Target: autoDraw = False
25.9111 	EXP 	trial1Home: autoDraw = False
25.9111 	EXP 	trial1Cursor: autoDraw = False
25.9111 	EXP 	trial1Num: autoDraw = False
25.9111 	EXP 	trial1Num: text = '7'
25.9111 	EXP 	trial1Cursor: pos = (1.5, 1.5)
25.9111 	EXP 	trial1Target: autoDraw = True
25.9111 	EXP 	trial1Home: autoDraw = True
25.9111 	EXP 	trial1Cursor: autoDraw = True
25.9111 	EXP 	trial1Num: autoDraw = True
27.2106 	EXP 	New trial (rep=7, index=0): None
27.2261 	EXP 	trial1Target: autoDraw = False
27.2261 	EXP 	trial1Home: autoDraw = False
27.2261 	EXP 	trial1Cursor: autoDraw = False
27.2261 	EXP 	trial1Num: autoDraw = False
27.2261 	EXP 	trial1Num: text = '8'
27.2261 	EXP 	trial1Cursor: pos = (1.5, 1.5)
27.2261 	EXP 	trial1Target: autoDraw = True
27.2261 	EXP 	trial1Home: autoDraw = True
27.2261 	EXP 	trial1Cursor: autoDraw = True
27.2261 	EXP 	trial1Num: autoDraw = True
28.4777 	EXP 	New trial (rep=8, index=0): None
28.4900 	EXP 	trial1Target: autoDraw = False
28.4900 	EXP 	trial1Home: autoDraw = False
28.4900 	EXP 	trial1Cursor: autoDraw = False
28.4900 	EXP 	trial1Num: autoDraw = False
28.4900 	EXP 	trial1Num: text = '9'
28.4900 	EXP 	trial1Cursor: pos = (1.5, 1.5)
28.4900 	EXP 	trial1Target: autoDraw = True
28.4900 	EXP 	trial1Home: autoDraw = True
28.4900 	EXP 	trial1Cursor: autoDraw = True
28.4900 	EXP 	trial1Num: autoDraw = True
29.6261 	EXP 	New trial (rep=9, index=0): None
29.6398 	EXP 	trial1Target: autoDraw = False
29.6398 	EXP 	trial1Home: autoDraw = False
29.6398 	EXP 	trial1Cursor: autoDraw = False
29.6398 	EXP 	trial1Num: autoDraw = False
29.6398 	EXP 	trial1Num: text = '10'
29.6398 	EXP 	trial1Cursor: pos = (1.5, 1.5)
29.6398 	EXP 	trial1Target: autoDraw = True
29.6398 	EXP 	trial1Home: autoDraw = True
29.6398 	EXP 	trial1Cursor: autoDraw = True
29.6398 	EXP 	trial1Num: autoDraw = True
30.6264 	EXP 	New trial (rep=10, index=0): None
30.6391 	EXP 	trial1Target: autoDraw = False
30.6391 	EXP 	trial1Home: autoDraw = False
30.6391 	EXP 	trial1Cursor: autoDraw = False
30.6391 	EXP 	trial1Num: autoDraw = False
30.6391 	EXP 	trial1Num: text = '11'
30.6391 	EXP 	trial1Cursor: pos = (1.5, 1.5)
30.6391 	EXP 	trial1Target: autoDraw = True
30.6391 	EXP 	trial1Home: autoDraw = True
30.6391 	EXP 	trial1Cursor: autoDraw = True
30.6391 	EXP 	trial1Num: autoDraw = True
31.8260 	EXP 	New trial (rep=11, index=0): None
31.8387 	EXP 	trial1Target: autoDraw = False
31.8387 	EXP 	trial1Home: autoDraw = False
31.8387 	EXP 	trial1Cursor: autoDraw = False
31.8387 	EXP 	trial1Num: autoDraw = False
31.8387 	EXP 	trial1Num: text = '12'
31.8387 	EXP 	trial1Cursor: pos = (1.5, 1.5)
31.8387 	EXP 	trial1Target: autoDraw = True
31.8387 	EXP 	trial1Home: autoDraw = True
31.8387 	EXP 	trial1Cursor: autoDraw = True
31.8387 	EXP 	trial1Num: autoDraw = True
33.2593 	EXP 	New trial (rep=12, index=0): None
33.2729 	EXP 	trial1Target: autoDraw = False
33.2729 	EXP 	trial1Home: autoDraw = False
33.2729 	EXP 	trial1Cursor: autoDraw = False
33.2729 	EXP 	trial1Num: autoDraw = False
33.2729 	EXP 	trial1Num: text = '13'
33.2729 	EXP 	trial1Cursor: pos = (1.5, 1.5)
33.2729 	EXP 	trial1Target: autoDraw = True
33.2729 	EXP 	trial1Home: autoDraw = True
33.2729 	EXP 	trial1Cursor: autoDraw = True
33.2729 	EXP 	trial1Num: autoDraw = True
34.4613 	EXP 	New trial (rep=13, index=0): None
34.4734 	EXP 	trial1Target: autoDraw = False
34.4734 	EXP 	trial1Home: autoDraw = False
34.4734 	EXP 	trial1Cursor: autoDraw = False
34.4734 	EXP 	trial1Num: autoDraw = False
34.4734 	EXP 	trial1Num: text = '14'
34.4734 	EXP 	trial1Cursor: pos = (1.5, 1.5)
34.4734 	EXP 	trial1Target: autoDraw = True
34.4734 	EXP 	trial1Home: autoDraw = True
34.4734 	EXP 	trial1Cursor: autoDraw = True
34.4734 	EXP 	trial1Num: autoDraw = True
35.8247 	EXP 	New trial (rep=14, index=0): None
35.8390 	EXP 	trial1Target: autoDraw = False
35.8390 	EXP 	trial1Home: autoDraw = False
35.8390 	EXP 	trial1Cursor: autoDraw = False
35.8390 	EXP 	trial1Num: autoDraw = False
35.8390 	EXP 	trial1Num: text = '15'
35.8390 	EXP 	trial1Cursor: pos = (1.5, 1.5)
35.8390 	EXP 	trial1Target: autoDraw = True
35.8390 	EXP 	trial1Home: autoDraw = True
35.8390 	EXP 	trial1Cursor: autoDraw = True
35.8390 	EXP 	trial1Num: autoDraw = True
37.2950 	EXP 	New trial (rep=15, index=0): None
37.3090 	EXP 	trial1Target: autoDraw = False
37.3090 	EXP 	trial1Home: autoDraw = False
37.3090 	EXP 	trial1Cursor: autoDraw = False
37.3090 	EXP 	trial1Num: autoDraw = False
37.3090 	EXP 	trial1Num: text = '16'
37.3090 	EXP 	trial1Cursor: pos = (1.5, 1.5)
37.3090 	EXP 	trial1Target: autoDraw = True
37.3090 	EXP 	trial1Home: autoDraw = True
37.3090 	EXP 	trial1Cursor: autoDraw = True
37.3090 	EXP 	trial1Num: autoDraw = True
38.6918 	EXP 	New trial (rep=16, index=0): None
38.7053 	EXP 	trial1Target: autoDraw = False
38.7053 	EXP 	trial1Home: autoDraw = False
38.7053 	EXP 	trial1Cursor: autoDraw = False
38.7053 	EXP 	trial1Num: autoDraw = False
38.7053 	EXP 	trial1Num: text = '17'
38.7053 	EXP 	trial1Cursor: pos = (1.5, 1.5)
38.7053 	EXP 	trial1Target: autoDraw = True
38.7053 	EXP 	trial1Home: autoDraw = True
38.7053 	EXP 	trial1Cursor: autoDraw = True
38.7053 	EXP 	trial1Num: autoDraw = True
39.9074 	EXP 	New trial (rep=17, index=0): None
39.9218 	EXP 	trial1Target: autoDraw = False
39.9218 	EXP 	trial1Home: autoDraw = False
39.9218 	EXP 	trial1Cursor: autoDraw = False
39.9218 	EXP 	trial1Num: autoDraw = False
39.9218 	EXP 	trial1Num: text = '18'
39.9218 	EXP 	trial1Cursor: pos = (1.5, 1.5)
39.9218 	EXP 	trial1Target: autoDraw = True
39.9218 	EXP 	trial1Home: autoDraw = True
39.9218 	EXP 	trial1Cursor: autoDraw = True
39.9218 	EXP 	trial1Num: autoDraw = True
41.1079 	EXP 	New trial (rep=18, index=0): None
41.1211 	EXP 	trial1Target: autoDraw = False
41.1211 	EXP 	trial1Home: autoDraw = False
41.1211 	EXP 	trial1Cursor: autoDraw = False
41.1211 	EXP 	trial1Num: autoDraw = False
41.1211 	EXP 	trial1Num: text = '19'
41.1211 	EXP 	trial1Cursor: pos = (1.5, 1.5)
41.1211 	EXP 	trial1Target: autoDraw = True
41.1211 	EXP 	trial1Home: autoDraw = True
41.1211 	EXP 	trial1Cursor: autoDraw = True
41.1211 	EXP 	trial1Num: autoDraw = True
42.4235 	EXP 	New trial (rep=19, index=0): None
42.4371 	EXP 	trial1Target: autoDraw = False
42.4371 	EXP 	trial1Home: autoDraw = False
42.4371 	EXP 	trial1Cursor: autoDraw = False
42.4371 	EXP 	trial1Num: autoDraw = False
42.4371 	EXP 	trial1Num: text = '20'
42.4371 	EXP 	trial1Cursor: pos = (1.5, 1.5)
42.4371 	EXP 	trial1Target: autoDraw = True
42.4371 	EXP 	trial1Home: autoDraw = True
42.4371 	EXP 	trial1Cursor: autoDraw = True
42.4371 	EXP 	trial1Num: autoDraw = True
43.7138 	EXP 	New trial (rep=20, index=0): None
43.7301 	EXP 	trial1Target: autoDraw = False
43.7301 	EXP 	trial1Home: autoDraw = False
43.7301 	EXP 	trial1Cursor: autoDraw = False
43.7301 	EXP 	trial1Num: autoDraw = False
43.7301 	EXP 	trial1Num: text = '21'
43.7301 	EXP 	trial1Cursor: pos = (1.5, 1.5)
43.7301 	EXP 	trial1Target: autoDraw = True
43.7301 	EXP 	trial1Home: autoDraw = True
43.7301 	EXP 	trial1Cursor: autoDraw = True
43.7301 	EXP 	trial1Num: autoDraw = True
44.8047 	EXP 	New trial (rep=21, index=0): None
44.8178 	EXP 	trial1Target: autoDraw = False
44.8178 	EXP 	trial1Home: autoDraw = False
44.8178 	EXP 	trial1Cursor: autoDraw = False
44.8178 	EXP 	trial1Num: autoDraw = False
44.8178 	EXP 	trial1Num: text = '22'
44.8178 	EXP 	trial1Cursor: pos = (1.5, 1.5)
44.8178 	EXP 	trial1Target: autoDraw = True
44.8178 	EXP 	trial1Home: autoDraw = True
44.8178 	EXP 	trial1Cursor: autoDraw = True
44.8178 	EXP 	trial1Num: autoDraw = True
46.0826 	EXP 	New trial (rep=22, index=0): None
46.0995 	EXP 	trial1Target: autoDraw = False
46.0995 	EXP 	trial1Home: autoDraw = False
46.0995 	EXP 	trial1Cursor: autoDraw = False
46.0995 	EXP 	trial1Num: autoDraw = False
46.0995 	EXP 	trial1Num: text = '23'
46.0995 	EXP 	trial1Cursor: pos = (1.5, 1.5)
46.0995 	EXP 	trial1Target: autoDraw = True
46.0995 	EXP 	trial1Home: autoDraw = True
46.0995 	EXP 	trial1Cursor: autoDraw = True
46.0995 	EXP 	trial1Num: autoDraw = True
47.1055 	EXP 	New trial (rep=23, index=0): None
47.1183 	EXP 	trial1Target: autoDraw = False
47.1183 	EXP 	trial1Home: autoDraw = False
47.1183 	EXP 	trial1Cursor: autoDraw = False
47.1183 	EXP 	trial1Num: autoDraw = False
47.1183 	EXP 	trial1Num: text = '24'
47.1183 	EXP 	trial1Cursor: pos = (1.5, 1.5)
47.1183 	EXP 	trial1Target: autoDraw = True
47.1183 	EXP 	trial1Home: autoDraw = True
47.1183 	EXP 	trial1Cursor: autoDraw = True
47.1183 	EXP 	trial1Num: autoDraw = True
48.3073 	EXP 	New trial (rep=24, index=0): None
48.3205 	EXP 	trial1Target: autoDraw = False
48.3205 	EXP 	trial1Home: autoDraw = False
48.3205 	EXP 	trial1Cursor: autoDraw = False
48.3205 	EXP 	trial1Num: autoDraw = False
48.3205 	EXP 	trial1Num: text = '25'
48.3205 	EXP 	trial1Cursor: pos = (1.5, 1.5)
48.3205 	EXP 	trial1Target: autoDraw = True
48.3205 	EXP 	trial1Home: autoDraw = True
48.3205 	EXP 	trial1Cursor: autoDraw = True
48.3205 	EXP 	trial1Num: autoDraw = True
49.4242 	EXP 	New trial (rep=25, index=0): None
49.4385 	EXP 	trial1Target: autoDraw = False
49.4385 	EXP 	trial1Home: autoDraw = False
49.4385 	EXP 	trial1Cursor: autoDraw = False
49.4385 	EXP 	trial1Num: autoDraw = False
49.4385 	EXP 	trial1Num: text = '26'
49.4385 	EXP 	trial1Cursor: pos = (1.5, 1.5)
49.4385 	EXP 	trial1Target: autoDraw = True
49.4385 	EXP 	trial1Home: autoDraw = True
49.4385 	EXP 	trial1Cursor: autoDraw = True
49.4385 	EXP 	trial1Num: autoDraw = True
50.6382 	EXP 	New trial (rep=26, index=0): None
50.6529 	EXP 	trial1Target: autoDraw = False
50.6529 	EXP 	trial1Home: autoDraw = False
50.6529 	EXP 	trial1Cursor: autoDraw = False
50.6529 	EXP 	trial1Num: autoDraw = False
50.6529 	EXP 	trial1Num: text = '27'
50.6529 	EXP 	trial1Cursor: pos = (1.5, 1.5)
50.6529 	EXP 	trial1Target: autoDraw = True
50.6529 	EXP 	trial1Home: autoDraw = True
50.6529 	EXP 	trial1Cursor: autoDraw = True
50.6529 	EXP 	trial1Num: autoDraw = True
51.8872 	EXP 	New trial (rep=27, index=0): None
51.9017 	EXP 	trial1Target: autoDraw = False
51.9017 	EXP 	trial1Home: autoDraw = False
51.9017 	EXP 	trial1Cursor: autoDraw = False
51.9017 	EXP 	trial1Num: autoDraw = False
51.9017 	EXP 	trial1Num: text = '28'
51.9017 	EXP 	trial1Cursor: pos = (1.5, 1.5)
51.9017 	EXP 	trial1Target: autoDraw = True
51.9017 	EXP 	trial1Home: autoDraw = True
51.9017 	EXP 	trial1Cursor: autoDraw = True
51.9017 	EXP 	trial1Num: autoDraw = True
53.3546 	EXP 	New trial (rep=28, index=0): None
53.3678 	EXP 	trial1Target: autoDraw = False
53.3678 	EXP 	trial1Home: autoDraw = False
53.3678 	EXP 	trial1Cursor: autoDraw = False
53.3678 	EXP 	trial1Num: autoDraw = False
53.3678 	EXP 	trial1Num: text = '29'
53.3678 	EXP 	trial1Cursor: pos = (1.5, 1.5)
53.3678 	EXP 	trial1Target: autoDraw = True
53.3678 	EXP 	trial1Home: autoDraw = True
53.3678 	EXP 	trial1Cursor: autoDraw = True
53.3678 	EXP 	trial1Num: autoDraw = True
54.6878 	EXP 	New trial (rep=29, index=0): None
54.7005 	EXP 	trial1Target: autoDraw = False
54.7005 	EXP 	trial1Home: autoDraw = False
54.7005 	EXP 	trial1Cursor: autoDraw = False
54.7005 	EXP 	trial1Num: autoDraw = False
54.7005 	EXP 	trial1Num: text = '30'
54.7005 	EXP 	trial1Cursor: pos = (1.5, 1.5)
54.7005 	EXP 	trial1Target: autoDraw = True
54.7005 	EXP 	trial1Home: autoDraw = True
54.7005 	EXP 	trial1Cursor: autoDraw = True
54.7005 	EXP 	trial1Num: autoDraw = True
55.7666 	EXP 	trial1Target: autoDraw = False
55.7666 	EXP 	trial1Home: autoDraw = False
55.7666 	EXP 	trial1Cursor: autoDraw = False
55.7666 	EXP 	trial1Num: autoDraw = False
55.7666 	EXP 	instr2: autoDraw = True
57.6315 	DATA 	Keypress: space
57.6407 	EXP 	instr2: autoDraw = False
57.6407 	EXP 	fix2: autoDraw = True
58.6265 	EXP 	Created sequence: sequential, trialTypes=1, nReps=90, seed=None
58.6278 	EXP 	New trial (rep=0, index=0): None
58.6416 	EXP 	fix2: autoDraw = False
58.6416 	EXP 	fix2: autoDraw = False
58.6416 	EXP 	trial2Num: text = '1'
58.6416 	EXP 	trial2Cursor: pos = (1.5, 1.5)
58.6416 	EXP 	trial2Target: autoDraw = True
58.6416 	EXP 	trial2Home: autoDraw = True
58.6416 	EXP 	trial2Cursor: autoDraw = True
58.6416 	EXP 	trial2Num: autoDraw = True
62.8983 	EXP 	New trial (rep=1, index=0): None
62.9109 	EXP 	trial2Target: autoDraw = False
62.9109 	EXP 	trial2Home: autoDraw = False
62.9109 	EXP 	trial2Cursor: autoDraw = False
62.9109 	EXP 	trial2Num: autoDraw = False
62.9109 	EXP 	trial2Num: text = '2'
62.9109 	EXP 	trial2Cursor: pos = (1.5, 1.5)
62.9109 	EXP 	trial2Target: autoDraw = True
62.9109 	EXP 	trial2Home: autoDraw = True
62.9109 	EXP 	trial2Cursor: autoDraw = True
62.9109 	EXP 	trial2Num: autoDraw = True
65.9944 	EXP 	New trial (rep=2, index=0): None
66.0076 	EXP 	trial2Target: autoDraw = False
66.0076 	EXP 	trial2Home: autoDraw = False
66.0076 	EXP 	trial2Cursor: autoDraw = False
66.0076 	EXP 	trial2Num: autoDraw = False
66.0076 	EXP 	trial2Num: text = '3'
66.0076 	EXP 	trial2Cursor: pos = (1.5, 1.5)
66.0076 	EXP 	trial2Target: autoDraw = True
66.0076 	EXP 	trial2Home: autoDraw = True
66.0076 	EXP 	trial2Cursor: autoDraw = True
66.0076 	EXP 	trial2Num: autoDraw = True
68.4266 	EXP 	New trial (rep=3, index=0): None
68.4391 	EXP 	trial2Target: autoDraw = False
68.4391 	EXP 	trial2Home: autoDraw = False
68.4391 	EXP 	trial2Cursor: autoDraw = False
68.4391 	EXP 	trial2Num: autoDraw = False
68.4391 	EXP 	trial2Num: text = '4'
68.4391 	EXP 	trial2Cursor: pos = (1.5, 1.5)
68.4391 	EXP 	trial2Target: autoDraw = True
68.4391 	EXP 	trial2Home: autoDraw = True
68.4391 	EXP 	trial2Cursor: autoDraw = True
68.4391 	EXP 	trial2Num: autoDraw = True
70.7570 	EXP 	New trial (rep=4, index=0): None
70.7704 	EXP 	trial2Target: autoDraw = False
70.7704 	EXP 	trial2Home: autoDraw = False
70.7704 	EXP 	trial2Cursor: autoDraw = False
70.7704 	EXP 	trial2Num: autoDraw = False
70.7704 	EXP 	trial2Num: text = '5'
70.7704 	EXP 	trial2Cursor: pos = (1.5, 1.5)
70.7704 	EXP 	trial2Target: autoDraw = True
70.7704 	EXP 	trial2Home: autoDraw = True
70.7704 	EXP 	trial2Cursor: autoDraw = True
70.7704 	EXP 	trial2Num: autoDraw = True
73.4740 	EXP 	New trial (rep=5, index=0): None
73.4888 	EXP 	trial2Target: autoDraw = False
73.4888 	EXP 	trial2Home: autoDraw = False
73.4888 	EXP 	trial2Cursor: autoDraw = False
73.4888 	EXP 	trial2Num: autoDraw = False
73.4888 	EXP 	trial2Num: text = '6'
73.4888 	EXP 	trial2Cursor: pos = (1.5, 1.5)
73.4888 	EXP 	trial2Target: autoDraw = True
73.4888 	EXP 	trial2Home: autoDraw = True
73.4888 	EXP 	trial2Cursor: autoDraw = True
73.4888 	EXP 	trial2Num: autoDraw = True
76.8402 	EXP 	New trial (rep=6, index=0): None
76.8531 	EXP 	trial2Target: autoDraw = False
76.8531 	EXP 	trial2Home: autoDraw = False
76.8531 	EXP 	trial2Cursor: autoDraw = False
76.8531 	EXP 	trial2Num: autoDraw = False
76.8531 	EXP 	trial2Num: text = '7'
76.8531 	EXP 	trial2Cursor: pos = (1.5, 1.5)
76.8531 	EXP 	trial2Target: autoDraw = True
76.8531 	EXP 	trial2Home: autoDraw = True
76.8531 	EXP 	trial2Cursor: autoDraw = True
76.8531 	EXP 	trial2Num: autoDraw = True
79.2052 	EXP 	New trial (rep=7, index=0): None
79.2172 	EXP 	trial2Target: autoDraw = False
79.2172 	EXP 	trial2Home: autoDraw = False
79.2172 	EXP 	trial2Cursor: autoDraw = False
79.2172 	EXP 	trial2Num: autoDraw = False
79.2172 	EXP 	trial2Num: text = '8'
79.2172 	EXP 	trial2Cursor: pos = (1.5, 1.5)
79.2172 	EXP 	trial2Target: autoDraw = True
79.2172 	EXP 	trial2Home: autoDraw = True
79.2172 	EXP 	trial2Cursor: autoDraw = True
79.2172 	EXP 	trial2Num: autoDraw = True
81.6719 	EXP 	New trial (rep=8, index=0): None
81.6854 	EXP 	trial2Target: autoDraw = False
81.6854 	EXP 	trial2Home: autoDraw = False
81.6854 	EXP 	trial2Cursor: autoDraw = False
81.6854 	EXP 	trial2Num: autoDraw = False
81.6854 	EXP 	trial2Num: text = '9'
81.6854 	EXP 	trial2Cursor: pos = (1.5, 1.5)
81.6854 	EXP 	trial2Target: autoDraw = True
81.6854 	EXP 	trial2Home: autoDraw = True
81.6854 	EXP 	trial2Cursor: autoDraw = True
81.6854 	EXP 	trial2Num: autoDraw = True
84.2205 	EXP 	New trial (rep=9, index=0): None
84.2337 	EXP 	trial2Target: autoDraw = False
84.2337 	EXP 	trial2Home: autoDraw = False
84.2337 	EXP 	trial2Cursor: autoDraw = False
84.2337 	EXP 	trial2Num: autoDraw = False
84.2337 	EXP 	trial2Num: text = '10'
84.2337 	EXP 	trial2Cursor: pos = (1.5, 1.5)
84.2337 	EXP 	trial2Target: autoDraw = True
84.2337 	EXP 	trial2Home: autoDraw = True
84.2337 	EXP 	trial2Cursor: autoDraw = True
84.2337 	EXP 	trial2Num: autoDraw = True
86.6421 	EXP 	New trial (rep=10, index=0): None
86.6557 	EXP 	trial2Target: autoDraw = False
86.6557 	EXP 	trial2Home: autoDraw = False
86.6557 	EXP 	trial2Cursor: autoDraw = False
86.6557 	EXP 	trial2Num: autoDraw = False
86.6557 	EXP 	trial2Num: text = '11'
86.6557 	EXP 	trial2Cursor: pos = (1.5, 1.5)
86.6557 	EXP 	trial2Target: autoDraw = True
86.6557 	EXP 	trial2Home: autoDraw = True
86.6557 	EXP 	trial2Cursor: autoDraw = True
86.6557 	EXP 	trial2Num: autoDraw = True
88.9031 	EXP 	New trial (rep=11, index=0): None
88.9159 	EXP 	trial2Target: autoDraw = False
88.9159 	EXP 	trial2Home: autoDraw = False
88.9159 	EXP 	trial2Cursor: autoDraw = False
88.9159 	EXP 	trial2Num: autoDraw = False
88.9159 	EXP 	trial2Num: text = '12'
88.9159 	EXP 	trial2Cursor: pos = (1.5, 1.5)
88.9159 	EXP 	trial2Target: autoDraw = True
88.9159 	EXP 	trial2Home: autoDraw = True
88.9159 	EXP 	trial2Cursor: autoDraw = True
88.9159 	EXP 	trial2Num: autoDraw = True
90.9853 	EXP 	New trial (rep=12, index=0): None
90.9975 	EXP 	trial2Target: autoDraw = False
90.9975 	EXP 	trial2Home: autoDraw = False
90.9975 	EXP 	trial2Cursor: autoDraw = False
90.9975 	EXP 	trial2Num: autoDraw = False
90.9975 	EXP 	trial2Num: text = '13'
90.9975 	EXP 	trial2Cursor: pos = (1.5, 1.5)
90.9975 	EXP 	trial2Target: autoDraw = True
90.9975 	EXP 	trial2Home: autoDraw = True
90.9975 	EXP 	trial2Cursor: autoDraw = True
90.9975 	EXP 	trial2Num: autoDraw = True
93.5519 	EXP 	New trial (rep=13, index=0): None
93.5650 	EXP 	trial2Target: autoDraw = False
93.5650 	EXP 	trial2Home: autoDraw = False
93.5650 	EXP 	trial2Cursor: autoDraw = False
93.5650 	EXP 	trial2Num: autoDraw = False
93.5650 	EXP 	trial2Num: text = '14'
93.5650 	EXP 	trial2Cursor: pos = (1.5, 1.5)
93.5650 	EXP 	trial2Target: autoDraw = True
93.5650 	EXP 	trial2Home: autoDraw = True
93.5650 	EXP 	trial2Cursor: autoDraw = True
93.5650 	EXP 	trial2Num: autoDraw = True
95.9679 	EXP 	New trial (rep=14, index=0): None
95.9835 	EXP 	trial2Target: autoDraw = False
95.9835 	EXP 	trial2Home: autoDraw = False
95.9835 	EXP 	trial2Cursor: autoDraw = False
95.9835 	EXP 	trial2Num: autoDraw = False
95.9835 	EXP 	trial2Num: text = '15'
95.9835 	EXP 	trial2Cursor: pos = (1.5, 1.5)
95.9835 	EXP 	trial2Target: autoDraw = True
95.9835 	EXP 	trial2Home: autoDraw = True
95.9835 	EXP 	trial2Cursor: autoDraw = True
95.9835 	EXP 	trial2Num: autoDraw = True
98.5676 	EXP 	New trial (rep=15, index=0): None
98.5811 	EXP 	trial2Target: autoDraw = False
98.5811 	EXP 	trial2Home: autoDraw = False
98.5811 	EXP 	trial2Cursor: autoDraw = False
98.5811 	EXP 	trial2Num: autoDraw = False
98.5811 	EXP 	trial2Num: text = '16'
98.5811 	EXP 	trial2Cursor: pos = (1.5, 1.5)
98.5811 	EXP 	trial2Target: autoDraw = True
98.5811 	EXP 	trial2Home: autoDraw = True
98.5811 	EXP 	trial2Cursor: autoDraw = True
98.5811 	EXP 	trial2Num: autoDraw = True
101.5344 	EXP 	New trial (rep=16, index=0): None
101.5488 	EXP 	trial2Target: autoDraw = False
101.5488 	EXP 	trial2Home: autoDraw = False
101.5488 	EXP 	trial2Cursor: autoDraw = False
101.5488 	EXP 	trial2Num: autoDraw = False
101.5488 	EXP 	trial2Num: text = '17'
101.5488 	EXP 	trial2Cursor: pos = (1.5, 1.5)
101.5488 	EXP 	trial2Target: autoDraw = True
101.5488 	EXP 	trial2Home: autoDraw = True
101.5488 	EXP 	trial2Cursor: autoDraw = True
101.5488 	EXP 	trial2Num: autoDraw = True
103.6489 	EXP 	New trial (rep=17, index=0): None
103.6633 	EXP 	trial2Target: autoDraw = False
103.6633 	EXP 	trial2Home: autoDraw = False
103.6633 	EXP 	trial2Cursor: autoDraw = False
103.6633 	EXP 	trial2Num: autoDraw = False
103.6633 	EXP 	trial2Num: text = '18'
103.6633 	EXP 	trial2Cursor: pos = (1.5, 1.5)
103.6633 	EXP 	trial2Target: autoDraw = True
103.6633 	EXP 	trial2Home: autoDraw = True
103.6633 	EXP 	trial2Cursor: autoDraw = True
103.6633 	EXP 	trial2Num: autoDraw = True
106.3321 	EXP 	New trial (rep=18, index=0): None
106.3455 	EXP 	trial2Target: autoDraw = False
106.3455 	EXP 	trial2Home: autoDraw = False
106.3455 	EXP 	trial2Cursor: autoDraw = False
106.3455 	EXP 	trial2Num: autoDraw = False
106.3455 	EXP 	trial2Num: text = '19'
106.3455 	EXP 	trial2Cursor: pos = (1.5, 1.5)
106.3455 	EXP 	trial2Target: autoDraw = True
106.3455 	EXP 	trial2Home: autoDraw = True
106.3455 	EXP 	trial2Cursor: autoDraw = True
106.3455 	EXP 	trial2Num: autoDraw = True
108.5479 	EXP 	New trial (rep=19, index=0): None
108.5610 	EXP 	trial2Target: autoDraw = False
108.5610 	EXP 	trial2Home: autoDraw = False
108.5610 	EXP 	trial2Cursor: autoDraw = False
108.5610 	EXP 	trial2Num: autoDraw = False
108.5610 	EXP 	trial2Num: text = '20'
108.5610 	EXP 	trial2Cursor: pos = (1.5, 1.5)
108.5610 	EXP 	trial2Target: autoDraw = True
108.5610 	EXP 	trial2Home: autoDraw = True
108.5610 	EXP 	trial2Cursor: autoDraw = True
108.5610 	EXP 	trial2Num: autoDraw = True
110.9306 	EXP 	New trial (rep=20, index=0): None
110.9438 	EXP 	trial2Target: autoDraw = False
110.9438 	EXP 	trial2Home: autoDraw = False
110.9438 	EXP 	trial2Cursor: autoDraw = False
110.9438 	EXP 	trial2Num: autoDraw = False
110.9438 	EXP 	trial2Num: text = '21'
110.9438 	EXP 	trial2Cursor: pos = (1.5, 1.5)
110.9438 	EXP 	trial2Target: autoDraw = True
110.9438 	EXP 	trial2Home: autoDraw = True
110.9438 	EXP 	trial2Cursor: autoDraw = True
110.9438 	EXP 	trial2Num: autoDraw = True
112.9630 	EXP 	New trial (rep=21, index=0): None
112.9757 	EXP 	trial2Target: autoDraw = False
112.9757 	EXP 	trial2Home: autoDraw = False
112.9757 	EXP 	trial2Cursor: autoDraw = False
112.9757 	EXP 	trial2Num: autoDraw = False
112.9757 	EXP 	trial2Num: text = '22'
112.9757 	EXP 	trial2Cursor: pos = (1.5, 1.5)
112.9757 	EXP 	trial2Target: autoDraw = True
112.9757 	EXP 	trial2Home: autoDraw = True
112.9757 	EXP 	trial2Cursor: autoDraw = True
112.9757 	EXP 	trial2Num: autoDraw = True
114.8295 	EXP 	New trial (rep=22, index=0): None
114.8429 	EXP 	trial2Target: autoDraw = False
114.8429 	EXP 	trial2Home: autoDraw = False
114.8429 	EXP 	trial2Cursor: autoDraw = False
114.8429 	EXP 	trial2Num: autoDraw = False
114.8429 	EXP 	trial2Num: text = '23'
114.8429 	EXP 	trial2Cursor: pos = (1.5, 1.5)
114.8429 	EXP 	trial2Target: autoDraw = True
114.8429 	EXP 	trial2Home: autoDraw = True
114.8429 	EXP 	trial2Cursor: autoDraw = True
114.8429 	EXP 	trial2Num: autoDraw = True
117.6959 	EXP 	New trial (rep=23, index=0): None
117.7088 	EXP 	trial2Target: autoDraw = False
117.7088 	EXP 	trial2Home: autoDraw = False
117.7088 	EXP 	trial2Cursor: autoDraw = False
117.7088 	EXP 	trial2Num: autoDraw = False
117.7088 	EXP 	trial2Num: text = '24'
117.7088 	EXP 	trial2Cursor: pos = (1.5, 1.5)
117.7088 	EXP 	trial2Target: autoDraw = True
117.7088 	EXP 	trial2Home: autoDraw = True
117.7088 	EXP 	trial2Cursor: autoDraw = True
117.7088 	EXP 	trial2Num: autoDraw = True
119.8607 	EXP 	New trial (rep=24, index=0): None
119.8740 	EXP 	trial2Target: autoDraw = False
119.8740 	EXP 	trial2Home: autoDraw = False
119.8740 	EXP 	trial2Cursor: autoDraw = False
119.8740 	EXP 	trial2Num: autoDraw = False
119.8740 	EXP 	trial2Num: text = '25'
119.8740 	EXP 	trial2Cursor: pos = (1.5, 1.5)
119.8740 	EXP 	trial2Target: autoDraw = True
119.8740 	EXP 	trial2Home: autoDraw = True
119.8740 	EXP 	trial2Cursor: autoDraw = True
119.8740 	EXP 	trial2Num: autoDraw = True
121.7269 	EXP 	New trial (rep=25, index=0): None
121.7411 	EXP 	trial2Target: autoDraw = False
121.7411 	EXP 	trial2Home: autoDraw = False
121.7411 	EXP 	trial2Cursor: autoDraw = False
121.7411 	EXP 	trial2Num: autoDraw = False
121.7411 	EXP 	trial2Num: text = '26'
121.7411 	EXP 	trial2Cursor: pos = (1.5, 1.5)
121.7411 	EXP 	trial2Target: autoDraw = True
121.7411 	EXP 	trial2Home: autoDraw = True
121.7411 	EXP 	trial2Cursor: autoDraw = True
121.7411 	EXP 	trial2Num: autoDraw = True
123.6602 	EXP 	New trial (rep=26, index=0): None
123.6743 	EXP 	trial2Target: autoDraw = False
123.6743 	EXP 	trial2Home: autoDraw = False
123.6743 	EXP 	trial2Cursor: autoDraw = False
123.6743 	EXP 	trial2Num: autoDraw = False
123.6743 	EXP 	trial2Num: text = '27'
123.6743 	EXP 	trial2Cursor: pos = (1.5, 1.5)
123.6743 	EXP 	trial2Target: autoDraw = True
123.6743 	EXP 	trial2Home: autoDraw = True
123.6743 	EXP 	trial2Cursor: autoDraw = True
123.6743 	EXP 	trial2Num: autoDraw = True
125.6267 	EXP 	New trial (rep=27, index=0): None
125.6412 	EXP 	trial2Target: autoDraw = False
125.6412 	EXP 	trial2Home: autoDraw = False
125.6412 	EXP 	trial2Cursor: autoDraw = False
125.6412 	EXP 	trial2Num: autoDraw = False
125.6412 	EXP 	trial2Num: text = '28'
125.6412 	EXP 	trial2Cursor: pos = (1.5, 1.5)
125.6412 	EXP 	trial2Target: autoDraw = True
125.6412 	EXP 	trial2Home: autoDraw = True
125.6412 	EXP 	trial2Cursor: autoDraw = True
125.6412 	EXP 	trial2Num: autoDraw = True
127.8262 	EXP 	New trial (rep=28, index=0): None
127.8395 	EXP 	trial2Target: autoDraw = False
127.8395 	EXP 	trial2Home: autoDraw = False
127.8395 	EXP 	trial2Cursor: autoDraw = False
127.8395 	EXP 	trial2Num: autoDraw = False
127.8395 	EXP 	trial2Num: text = '29'
127.8395 	EXP 	trial2Cursor: pos = (1.5, 1.5)
127.8395 	EXP 	trial2Target: autoDraw = True
127.8395 	EXP 	trial2Home: autoDraw = True
127.8395 	EXP 	trial2Cursor: autoDraw = True
127.8395 	EXP 	trial2Num: autoDraw = True
129.8425 	EXP 	New trial (rep=29, index=0): None
129.8575 	EXP 	trial2Target: autoDraw = False
129.8575 	EXP 	trial2Home: autoDraw = False
129.8575 	EXP 	trial2Cursor: autoDraw = False
129.8575 	EXP 	trial2Num: autoDraw = False
129.8575 	EXP 	trial2Num: text = '30'
129.8575 	EXP 	trial2Cursor: pos = (1.5, 1.5)
129.8575 	EXP 	trial2Target: autoDraw = True
129.8575 	EXP 	trial2Home: autoDraw = True
129.8575 	EXP 	trial2Cursor: autoDraw = True
129.8575 	EXP 	trial2Num: autoDraw = True
131.8576 	EXP 	New trial (rep=30, index=0): None
131.8708 	EXP 	trial2Target: autoDraw = False
131.8708 	EXP 	trial2Home: autoDraw = False
131.8708 	EXP 	trial2Cursor: autoDraw = False
131.8708 	EXP 	trial2Num: autoDraw = False
131.8708 	EXP 	trial2Num: text = '31'
131.8708 	EXP 	trial2Cursor: pos = (1.5, 1.5)
131.8708 	EXP 	trial2Target: autoDraw = True
131.8708 	EXP 	trial2Home: autoDraw = True
131.8708 	EXP 	trial2Cursor: autoDraw = True
131.8708 	EXP 	trial2Num: autoDraw = True
133.8085 	EXP 	New trial (rep=31, index=0): None
133.8239 	EXP 	trial2Target: autoDraw = False
133.8239 	EXP 	trial2Home: autoDraw = False
133.8239 	EXP 	trial2Cursor: autoDraw = False
133.8239 	EXP 	trial2Num: autoDraw = False
133.8239 	EXP 	trial2Num: text = '32'
133.8239 	EXP 	trial2Cursor: pos = (1.5, 1.5)
133.8239 	EXP 	trial2Target: autoDraw = True
133.8239 	EXP 	trial2Home: autoDraw = True
133.8239 	EXP 	trial2Cursor: autoDraw = True
133.8239 	EXP 	trial2Num: autoDraw = True
136.5076 	EXP 	New trial (rep=32, index=0): None
136.5205 	EXP 	trial2Target: autoDraw = False
136.5205 	EXP 	trial2Home: autoDraw = False
136.5205 	EXP 	trial2Cursor: autoDraw = False
136.5205 	EXP 	trial2Num: autoDraw = False
136.5205 	EXP 	trial2Num: text = '33'
136.5205 	EXP 	trial2Cursor: pos = (1.5, 1.5)
136.5205 	EXP 	trial2Target: autoDraw = True
136.5205 	EXP 	trial2Home: autoDraw = True
136.5205 	EXP 	trial2Cursor: autoDraw = True
136.5205 	EXP 	trial2Num: autoDraw = True
138.2066 	EXP 	New trial (rep=33, index=0): None
138.2191 	EXP 	trial2Target: autoDraw = False
138.2191 	EXP 	trial2Home: autoDraw = False
138.2191 	EXP 	trial2Cursor: autoDraw = False
138.2191 	EXP 	trial2Num: autoDraw = False
138.2191 	EXP 	trial2Num: text = '34'
138.2191 	EXP 	trial2Cursor: pos = (1.5, 1.5)
138.2191 	EXP 	trial2Target: autoDraw = True
138.2191 	EXP 	trial2Home: autoDraw = True
138.2191 	EXP 	trial2Cursor: autoDraw = True
138.2191 	EXP 	trial2Num: autoDraw = True
140.1060 	EXP 	New trial (rep=34, index=0): None
140.1199 	EXP 	trial2Target: autoDraw = False
140.1199 	EXP 	trial2Home: autoDraw = False
140.1199 	EXP 	trial2Cursor: autoDraw = False
140.1199 	EXP 	trial2Num: autoDraw = False
140.1199 	EXP 	trial2Num: text = '35'
140.1199 	EXP 	trial2Cursor: pos = (1.5, 1.5)
140.1199 	EXP 	trial2Target: autoDraw = True
140.1199 	EXP 	trial2Home: autoDraw = True
140.1199 	EXP 	trial2Cursor: autoDraw = True
140.1199 	EXP 	trial2Num: autoDraw = True
142.2221 	EXP 	New trial (rep=35, index=0): None
142.2369 	EXP 	trial2Target: autoDraw = False
142.2369 	EXP 	trial2Home: autoDraw = False
142.2369 	EXP 	trial2Cursor: autoDraw = False
142.2369 	EXP 	trial2Num: autoDraw = False
142.2369 	EXP 	trial2Num: text = '36'
142.2369 	EXP 	trial2Cursor: pos = (1.5, 1.5)
142.2369 	EXP 	trial2Target: autoDraw = True
142.2369 	EXP 	trial2Home: autoDraw = True
142.2369 	EXP 	trial2Cursor: autoDraw = True
142.2369 	EXP 	trial2Num: autoDraw = True
143.9439 	EXP 	New trial (rep=36, index=0): None
143.9580 	EXP 	trial2Target: autoDraw = False
143.9580 	EXP 	trial2Home: autoDraw = False
143.9580 	EXP 	trial2Cursor: autoDraw = False
143.9580 	EXP 	trial2Num: autoDraw = False
143.9580 	EXP 	trial2Num: text = '37'
143.9580 	EXP 	trial2Cursor: pos = (1.5, 1.5)
143.9580 	EXP 	trial2Target: autoDraw = True
143.9580 	EXP 	trial2Home: autoDraw = True
143.9580 	EXP 	trial2Cursor: autoDraw = True
143.9580 	EXP 	trial2Num: autoDraw = True
145.8229 	EXP 	New trial (rep=37, index=0): None
145.8366 	EXP 	trial2Target: autoDraw = False
145.8366 	EXP 	trial2Home: autoDraw = False
145.8366 	EXP 	trial2Cursor: autoDraw = False
145.8366 	EXP 	trial2Num: autoDraw = False
145.8366 	EXP 	trial2Num: text = '38'
145.8366 	EXP 	trial2Cursor: pos = (1.5, 1.5)
145.8366 	EXP 	trial2Target: autoDraw = True
145.8366 	EXP 	trial2Home: autoDraw = True
145.8366 	EXP 	trial2Cursor: autoDraw = True
145.8366 	EXP 	trial2Num: autoDraw = True
148.2045 	EXP 	New trial (rep=38, index=0): None
148.2193 	EXP 	trial2Target: autoDraw = False
148.2193 	EXP 	trial2Home: autoDraw = False
148.2193 	EXP 	trial2Cursor: autoDraw = False
148.2193 	EXP 	trial2Num: autoDraw = False
148.2193 	EXP 	trial2Num: text = '39'
148.2193 	EXP 	trial2Cursor: pos = (1.5, 1.5)
148.2193 	EXP 	trial2Target: autoDraw = True
148.2193 	EXP 	trial2Home: autoDraw = True
148.2193 	EXP 	trial2Cursor: autoDraw = True
148.2193 	EXP 	trial2Num: autoDraw = True
150.4531 	EXP 	New trial (rep=39, index=0): None
150.4656 	EXP 	trial2Target: autoDraw = False
150.4656 	EXP 	trial2Home: autoDraw = False
150.4656 	EXP 	trial2Cursor: autoDraw = False
150.4656 	EXP 	trial2Num: autoDraw = False
150.4656 	EXP 	trial2Num: text = '40'
150.4656 	EXP 	trial2Cursor: pos = (1.5, 1.5)
150.4656 	EXP 	trial2Target: autoDraw = True
150.4656 	EXP 	trial2Home: autoDraw = True
150.4656 	EXP 	trial2Cursor: autoDraw = True
150.4656 	EXP 	trial2Num: autoDraw = True
151.4512 	DATA 	Keypress: space
151.4703 	EXP 	New trial (rep=40, index=0): None
151.4826 	EXP 	trial2Target: autoDraw = False
151.4826 	EXP 	trial2Home: autoDraw = False
151.4826 	EXP 	trial2Cursor: autoDraw = False
151.4826 	EXP 	trial2Num: autoDraw = False
151.4826 	EXP 	trial2Num: text = '41'
151.4826 	EXP 	trial2Cursor: pos = (1.5, 1.5)
151.4826 	EXP 	trial2Target: autoDraw = True
151.4826 	EXP 	trial2Home: autoDraw = True
151.4826 	EXP 	trial2Cursor: autoDraw = True
151.4826 	EXP 	trial2Num: autoDraw = True
151.6677 	DATA 	Keypress: space
151.6853 	EXP 	New trial (rep=41, index=0): None
151.6981 	EXP 	trial2Target: autoDraw = False
151.6981 	EXP 	trial2Home: autoDraw = False
151.6981 	EXP 	trial2Cursor: autoDraw = False
151.6981 	EXP 	trial2Num: autoDraw = False
151.6981 	EXP 	trial2Num: text = '42'
151.6981 	EXP 	trial2Cursor: pos = (1.5, 1.5)
151.6981 	EXP 	trial2Target: autoDraw = True
151.6981 	EXP 	trial2Home: autoDraw = True
151.6981 	EXP 	trial2Cursor: autoDraw = True
151.6981 	EXP 	trial2Num: autoDraw = True
151.8344 	DATA 	Keypress: space
151.8517 	EXP 	New trial (rep=42, index=0): None
151.8643 	EXP 	trial2Target: autoDraw = False
151.8643 	EXP 	trial2Home: autoDraw = False
151.8643 	EXP 	trial2Cursor: autoDraw = False
151.8643 	EXP 	trial2Num: autoDraw = False
151.8643 	EXP 	trial2Num: text = '43'
151.8643 	EXP 	trial2Cursor: pos = (1.5, 1.5)
151.8643 	EXP 	trial2Target: autoDraw = True
151.8643 	EXP 	trial2Home: autoDraw = True
151.8643 	EXP 	trial2Cursor: autoDraw = True
151.8643 	EXP 	trial2Num: autoDraw = True
151.9896 	DATA 	Keypress: space
152.0178 	EXP 	New trial (rep=43, index=0): None
152.0307 	EXP 	trial2Target: autoDraw = False
152.0307 	EXP 	trial2Home: autoDraw = False
152.0307 	EXP 	trial2Cursor: autoDraw = False
152.0307 	EXP 	trial2Num: autoDraw = False
152.0307 	EXP 	trial2Num: text = '44'
152.0307 	EXP 	trial2Cursor: pos = (1.5, 1.5)
152.0307 	EXP 	trial2Target: autoDraw = True
152.0307 	EXP 	trial2Home: autoDraw = True
152.0307 	EXP 	trial2Cursor: autoDraw = True
152.0307 	EXP 	trial2Num: autoDraw = True
152.1509 	DATA 	Keypress: space
152.1687 	EXP 	New trial (rep=44, index=0): None
152.1817 	EXP 	trial2Target: autoDraw = False
152.1817 	EXP 	trial2Home: autoDraw = False
152.1817 	EXP 	trial2Cursor: autoDraw = False
152.1817 	EXP 	trial2Num: autoDraw = False
152.1817 	EXP 	trial2Num: text = '45'
152.1817 	EXP 	trial2Cursor: pos = (1.5, 1.5)
152.1817 	EXP 	trial2Target: autoDraw = True
152.1817 	EXP 	trial2Home: autoDraw = True
152.1817 	EXP 	trial2Cursor: autoDraw = True
152.1817 	EXP 	trial2Num: autoDraw = True
152.3179 	DATA 	Keypress: space
152.3356 	EXP 	New trial (rep=45, index=0): None
152.3486 	EXP 	trial2Target: autoDraw = False
152.3486 	EXP 	trial2Home: autoDraw = False
152.3486 	EXP 	trial2Cursor: autoDraw = False
152.3486 	EXP 	trial2Num: autoDraw = False
152.3486 	EXP 	trial2Num: text = '46'
152.3486 	EXP 	trial2Cursor: pos = (1.5, 1.5)
152.3486 	EXP 	trial2Target: autoDraw = True
152.3486 	EXP 	trial2Home: autoDraw = True
152.3486 	EXP 	trial2Cursor: autoDraw = True
152.3486 	EXP 	trial2Num: autoDraw = True
152.4842 	DATA 	Keypress: space
152.5018 	EXP 	New trial (rep=46, index=0): None
152.5152 	EXP 	trial2Target: autoDraw = False
152.5152 	EXP 	trial2Home: autoDraw = False
152.5152 	EXP 	trial2Cursor: autoDraw = False
152.5152 	EXP 	trial2Num: autoDraw = False
152.5152 	EXP 	trial2Num: text = '47'
152.5152 	EXP 	trial2Cursor: pos = (1.5, 1.5)
152.5152 	EXP 	trial2Target: autoDraw = True
152.5152 	EXP 	trial2Home: autoDraw = True
152.5152 	EXP 	trial2Cursor: autoDraw = True
152.5152 	EXP 	trial2Num: autoDraw = True
152.6509 	DATA 	Keypress: space
152.6688 	EXP 	New trial (rep=47, index=0): None
152.6818 	EXP 	trial2Target: autoDraw = False
152.6818 	EXP 	trial2Home: autoDraw = False
152.6818 	EXP 	trial2Cursor: autoDraw = False
152.6818 	EXP 	trial2Num: autoDraw = False
152.6818 	EXP 	trial2Num: text = '48'
152.6818 	EXP 	trial2Cursor: pos = (1.5, 1.5)
152.6818 	EXP 	trial2Target: autoDraw = True
152.6818 	EXP 	trial2Home: autoDraw = True
152.6818 	EXP 	trial2Cursor: autoDraw = True
152.6818 	EXP 	trial2Num: autoDraw = True
152.9008 	DATA 	Keypress: space
152.9186 	EXP 	New trial (rep=48, index=0): None
152.9311 	EXP 	trial2Target: autoDraw = False
152.9311 	EXP 	trial2Home: autoDraw = False
152.9311 	EXP 	trial2Cursor: autoDraw = False
152.9311 	EXP 	trial2Num: autoDraw = False
152.9311 	EXP 	trial2Num: text = '49'
152.9311 	EXP 	trial2Cursor: pos = (1.5, 1.5)
152.9311 	EXP 	trial2Target: autoDraw = True
152.9311 	EXP 	trial2Home: autoDraw = True
152.9311 	EXP 	trial2Cursor: autoDraw = True
152.9311 	EXP 	trial2Num: autoDraw = True
153.2678 	DATA 	Keypress: space
153.2861 	EXP 	New trial (rep=49, index=0): None
153.2991 	EXP 	trial2Target: autoDraw = False
153.2991 	EXP 	trial2Home: autoDraw = False
153.2991 	EXP 	trial2Cursor: autoDraw = False
153.2991 	EXP 	trial2Num: autoDraw = False
153.2991 	EXP 	trial2Num: text = '50'
153.2991 	EXP 	trial2Cursor: pos = (1.5, 1.5)
153.2991 	EXP 	trial2Target: autoDraw = True
153.2991 	EXP 	trial2Home: autoDraw = True
153.2991 	EXP 	trial2Cursor: autoDraw = True
153.2991 	EXP 	trial2Num: autoDraw = True
153.5673 	DATA 	Keypress: space
153.5854 	EXP 	New trial (rep=50, index=0): None
153.5986 	EXP 	trial2Target: autoDraw = False
153.5986 	EXP 	trial2Home: autoDraw = False
153.5986 	EXP 	trial2Cursor: autoDraw = False
153.5986 	EXP 	trial2Num: autoDraw = False
153.5986 	EXP 	trial2Num: text = '51'
153.5986 	EXP 	trial2Cursor: pos = (1.5, 1.5)
153.5986 	EXP 	trial2Target: autoDraw = True
153.5986 	EXP 	trial2Home: autoDraw = True
153.5986 	EXP 	trial2Cursor: autoDraw = True
153.5986 	EXP 	trial2Num: autoDraw = True
153.9505 	DATA 	Keypress: space
153.9684 	EXP 	New trial (rep=51, index=0): None
153.9823 	EXP 	trial2Target: autoDraw = False
153.9823 	EXP 	trial2Home: autoDraw = False
153.9823 	EXP 	trial2Cursor: autoDraw = False
153.9823 	EXP 	trial2Num: autoDraw = False
153.9823 	EXP 	trial2Num: text = '52'
153.9823 	EXP 	trial2Cursor: pos = (1.5, 1.5)
153.9823 	EXP 	trial2Target: autoDraw = True
153.9823 	EXP 	trial2Home: autoDraw = True
153.9823 	EXP 	trial2Cursor: autoDraw = True
153.9823 	EXP 	trial2Num: autoDraw = True
154.4171 	DATA 	Keypress: space
154.4345 	EXP 	New trial (rep=52, index=0): None
154.4478 	EXP 	trial2Target: autoDraw = False
154.4478 	EXP 	trial2Home: autoDraw = False
154.4478 	EXP 	trial2Cursor: autoDraw = False
154.4478 	EXP 	trial2Num: autoDraw = False
154.4478 	EXP 	trial2Num: text = '53'
154.4478 	EXP 	trial2Cursor: pos = (1.5, 1.5)
154.4478 	EXP 	trial2Target: autoDraw = True
154.4478 	EXP 	trial2Home: autoDraw = True
154.4478 	EXP 	trial2Cursor: autoDraw = True
154.4478 	EXP 	trial2Num: autoDraw = True
154.6839 	DATA 	Keypress: space
154.7012 	EXP 	New trial (rep=53, index=0): None
154.7146 	EXP 	trial2Target: autoDraw = False
154.7146 	EXP 	trial2Home: autoDraw = False
154.7146 	EXP 	trial2Cursor: autoDraw = False
154.7146 	EXP 	trial2Num: autoDraw = False
154.7146 	EXP 	trial2Num: text = '54'
154.7146 	EXP 	trial2Cursor: pos = (1.5, 1.5)
154.7146 	EXP 	trial2Target: autoDraw = True
154.7146 	EXP 	trial2Home: autoDraw = True
154.7146 	EXP 	trial2Cursor: autoDraw = True
154.7146 	EXP 	trial2Num: autoDraw = True
154.9003 	DATA 	Keypress: space
154.9180 	EXP 	New trial (rep=54, index=0): None
154.9310 	EXP 	trial2Target: autoDraw = False
154.9310 	EXP 	trial2Home: autoDraw = False
154.9310 	EXP 	trial2Cursor: autoDraw = False
154.9310 	EXP 	trial2Num: autoDraw = False
154.9310 	EXP 	trial2Num: text = '55'
154.9310 	EXP 	trial2Cursor: pos = (1.5, 1.5)
154.9310 	EXP 	trial2Target: autoDraw = True
154.9310 	EXP 	trial2Home: autoDraw = True
154.9310 	EXP 	trial2Cursor: autoDraw = True
154.9310 	EXP 	trial2Num: autoDraw = True
155.0671 	EXP 	New trial (rep=55, index=0): None
155.0710 	DATA 	Keypress: space
155.0803 	EXP 	trial2Target: autoDraw = False
155.0803 	EXP 	trial2Home: autoDraw = False
155.0803 	EXP 	trial2Cursor: autoDraw = False
155.0803 	EXP 	trial2Num: autoDraw = False
155.0803 	EXP 	trial2Num: text = '56'
155.0803 	EXP 	trial2Cursor: pos = (1.5, 1.5)
155.0803 	EXP 	trial2Target: autoDraw = True
155.0803 	EXP 	trial2Home: autoDraw = True
155.0803 	EXP 	trial2Cursor: autoDraw = True
155.0803 	EXP 	trial2Num: autoDraw = True
155.2003 	DATA 	Keypress: space
155.2177 	EXP 	New trial (rep=56, index=0): None
155.2299 	EXP 	trial2Target: autoDraw = False
155.2299 	EXP 	trial2Home: autoDraw = False
155.2299 	EXP 	trial2Cursor: autoDraw = False
155.2299 	EXP 	trial2Num: autoDraw = False
155.2299 	EXP 	trial2Num: text = '57'
155.2299 	EXP 	trial2Cursor: pos = (1.5, 1.5)
155.2299 	EXP 	trial2Target: autoDraw = True
155.2299 	EXP 	trial2Home: autoDraw = True
155.2299 	EXP 	trial2Cursor: autoDraw = True
155.2299 	EXP 	trial2Num: autoDraw = True
155.3502 	DATA 	Keypress: space
155.3677 	EXP 	New trial (rep=57, index=0): None
155.3798 	EXP 	trial2Target: autoDraw = False
155.3798 	EXP 	trial2Home: autoDraw = False
155.3798 	EXP 	trial2Cursor: autoDraw = False
155.3798 	EXP 	trial2Num: autoDraw = False
155.3798 	EXP 	trial2Num: text = '58'
155.3798 	EXP 	trial2Cursor: pos = (1.5, 1.5)
155.3798 	EXP 	trial2Target: autoDraw = True
155.3798 	EXP 	trial2Home: autoDraw = True
155.3798 	EXP 	trial2Cursor: autoDraw = True
155.3798 	EXP 	trial2Num: autoDraw = True
155.5002 	DATA 	Keypress: space
155.5174 	EXP 	New trial (rep=58, index=0): None
155.5307 	EXP 	trial2Target: autoDraw = False
155.5307 	EXP 	trial2Home: autoDraw = False
155.5307 	EXP 	trial2Cursor: autoDraw = False
155.5307 	EXP 	trial2Num: autoDraw = False
155.5307 	EXP 	trial2Num: text = '59'
155.5307 	EXP 	trial2Cursor: pos = (1.5, 1.5)
155.5307 	EXP 	trial2Target: autoDraw = True
155.5307 	EXP 	trial2Home: autoDraw = True
155.5307 	EXP 	trial2Cursor: autoDraw = True
155.5307 	EXP 	trial2Num: autoDraw = True
155.6668 	DATA 	Keypress: space
155.6843 	EXP 	New trial (rep=59, index=0): None
155.6972 	EXP 	trial2Target: autoDraw = False
155.6972 	EXP 	trial2Home: autoDraw = False
155.6972 	EXP 	trial2Cursor: autoDraw = False
155.6972 	EXP 	trial2Num: autoDraw = False
155.6972 	EXP 	trial2Num: text = '60'
155.6972 	EXP 	trial2Cursor: pos = (1.5, 1.5)
155.6972 	EXP 	trial2Target: autoDraw = True
155.6972 	EXP 	trial2Home: autoDraw = True
155.6972 	EXP 	trial2Cursor: autoDraw = True
155.6972 	EXP 	trial2Num: autoDraw = True
155.8167 	DATA 	Keypress: space
155.8353 	EXP 	New trial (rep=60, index=0): None
155.8485 	EXP 	trial2Target: autoDraw = False
155.8485 	EXP 	trial2Home: autoDraw = False
155.8485 	EXP 	trial2Cursor: autoDraw = False
155.8485 	EXP 	trial2Num: autoDraw = False
155.8485 	EXP 	trial2Num: text = '61'
155.8485 	EXP 	trial2Cursor: pos = (1.5, 1.5)
155.8485 	EXP 	trial2Target: autoDraw = True
155.8485 	EXP 	trial2Home: autoDraw = True
155.8485 	EXP 	trial2Cursor: autoDraw = True
155.8485 	EXP 	trial2Num: autoDraw = True
155.9833 	DATA 	Keypress: space
156.0008 	EXP 	New trial (rep=61, index=0): None
156.0142 	EXP 	trial2Target: autoDraw = False
156.0142 	EXP 	trial2Home: autoDraw = False
156.0142 	EXP 	trial2Cursor: autoDraw = False
156.0142 	EXP 	trial2Num: autoDraw = False
156.0142 	EXP 	trial2Num: text = '62'
156.0142 	EXP 	trial2Cursor: pos = (1.5, 1.5)
156.0142 	EXP 	trial2Target: autoDraw = True
156.0142 	EXP 	trial2Home: autoDraw = True
156.0142 	EXP 	trial2Cursor: autoDraw = True
156.0142 	EXP 	trial2Num: autoDraw = True
156.1500 	DATA 	Keypress: space
156.1676 	EXP 	New trial (rep=62, index=0): None
156.1810 	EXP 	trial2Target: autoDraw = False
156.1810 	EXP 	trial2Home: autoDraw = False
156.1810 	EXP 	trial2Cursor: autoDraw = False
156.1810 	EXP 	trial2Num: autoDraw = False
156.1810 	EXP 	trial2Num: text = '63'
156.1810 	EXP 	trial2Cursor: pos = (1.5, 1.5)
156.1810 	EXP 	trial2Target: autoDraw = True
156.1810 	EXP 	trial2Home: autoDraw = True
156.1810 	EXP 	trial2Cursor: autoDraw = True
156.1810 	EXP 	trial2Num: autoDraw = True
156.3165 	DATA 	Keypress: space
156.3342 	EXP 	New trial (rep=63, index=0): None
156.3472 	EXP 	trial2Target: autoDraw = False
156.3472 	EXP 	trial2Home: autoDraw = False
156.3472 	EXP 	trial2Cursor: autoDraw = False
156.3472 	EXP 	trial2Num: autoDraw = False
156.3472 	EXP 	trial2Num: text = '64'
156.3472 	EXP 	trial2Cursor: pos = (1.5, 1.5)
156.3472 	EXP 	trial2Target: autoDraw = True
156.3472 	EXP 	trial2Home: autoDraw = True
156.3472 	EXP 	trial2Cursor: autoDraw = True
156.3472 	EXP 	trial2Num: autoDraw = True
156.5013 	EXP 	New trial (rep=64, index=0): None
156.5047 	DATA 	Keypress: space
156.5137 	EXP 	trial2Target: autoDraw = False
156.5137 	EXP 	trial2Home: autoDraw = False
156.5137 	EXP 	trial2Cursor: autoDraw = False
156.5137 	EXP 	trial2Num: autoDraw = False
156.5137 	EXP 	trial2Num: text = '65'
156.5137 	EXP 	trial2Cursor: pos = (1.5, 1.5)
156.5137 	EXP 	trial2Target: autoDraw = True
156.5137 	EXP 	trial2Home: autoDraw = True
156.5137 	EXP 	trial2Cursor: autoDraw = True
156.5137 	EXP 	trial2Num: autoDraw = True
156.6331 	DATA 	Keypress: space
156.6503 	EXP 	New trial (rep=65, index=0): None
156.6632 	EXP 	trial2Target: autoDraw = False
156.6632 	EXP 	trial2Home: autoDraw = False
156.6632 	EXP 	trial2Cursor: autoDraw = False
156.6632 	EXP 	trial2Num: autoDraw = False
156.6632 	EXP 	trial2Num: text = '66'
156.6632 	EXP 	trial2Cursor: pos = (1.5, 1.5)
156.6632 	EXP 	trial2Target: autoDraw = True
156.6632 	EXP 	trial2Home: autoDraw = True
156.6632 	EXP 	trial2Cursor: autoDraw = True
156.6632 	EXP 	trial2Num: autoDraw = True
156.7883 	DATA 	Keypress: space
156.8164 	EXP 	New trial (rep=66, index=0): None
156.8287 	EXP 	trial2Target: autoDraw = False
156.8287 	EXP 	trial2Home: autoDraw = False
156.8287 	EXP 	trial2Cursor: autoDraw = False
156.8287 	EXP 	trial2Num: autoDraw = False
156.8287 	EXP 	trial2Num: text = '67'
156.8287 	EXP 	trial2Cursor: pos = (1.5, 1.5)
156.8287 	EXP 	trial2Target: autoDraw = True
156.8287 	EXP 	trial2Home: autoDraw = True
156.8287 	EXP 	trial2Cursor: autoDraw = True
156.8287 	EXP 	trial2Num: autoDraw = True
156.9662 	DATA 	Keypress: space
156.9839 	EXP 	New trial (rep=67, index=0): None
156.9954 	EXP 	trial2Target: autoDraw = False
156.9954 	EXP 	trial2Home: autoDraw = False
156.9954 	EXP 	trial2Cursor: autoDraw = False
156.9954 	EXP 	trial2Num: autoDraw = False
156.9954 	EXP 	trial2Num: text = '68'
156.9954 	EXP 	trial2Cursor: pos = (1.5, 1.5)
156.9954 	EXP 	trial2Target: autoDraw = True
156.9954 	EXP 	trial2Home: autoDraw = True
156.9954 	EXP 	trial2Cursor: autoDraw = True
156.9954 	EXP 	trial2Num: autoDraw = True
157.1329 	DATA 	Keypress: space
157.1506 	EXP 	New trial (rep=68, index=0): None
157.1641 	EXP 	trial2Target: autoDraw = False
157.1641 	EXP 	trial2Home: autoDraw = False
157.1641 	EXP 	trial2Cursor: autoDraw = False
157.1641 	EXP 	trial2Num: autoDraw = False
157.1641 	EXP 	trial2Num: text = '69'
157.1641 	EXP 	trial2Cursor: pos = (1.5, 1.5)
157.1641 	EXP 	trial2Target: autoDraw = True
157.1641 	EXP 	trial2Home: autoDraw = True
157.1641 	EXP 	trial2Cursor: autoDraw = True
157.1641 	EXP 	trial2Num: autoDraw = True
157.3161 	DATA 	Keypress: space
157.3335 	EXP 	New trial (rep=69, index=0): None
157.3463 	EXP 	trial2Target: autoDraw = False
157.3463 	EXP 	trial2Home: autoDraw = False
157.3463 	EXP 	trial2Cursor: autoDraw = False
157.3463 	EXP 	trial2Num: autoDraw = False
157.3463 	EXP 	trial2Num: text = '70'
157.3463 	EXP 	trial2Cursor: pos = (1.5, 1.5)
157.3463 	EXP 	trial2Target: autoDraw = True
157.3463 	EXP 	trial2Home: autoDraw = True
157.3463 	EXP 	trial2Cursor: autoDraw = True
157.3463 	EXP 	trial2Num: autoDraw = True
157.5161 	DATA 	Keypress: space
157.5339 	EXP 	New trial (rep=70, index=0): None
157.5462 	EXP 	trial2Target: autoDraw = False
157.5462 	EXP 	trial2Home: autoDraw = False
157.5462 	EXP 	trial2Cursor: autoDraw = False
157.5462 	EXP 	trial2Num: autoDraw = False
157.5462 	EXP 	trial2Num: text = '71'
157.5462 	EXP 	trial2Cursor: pos = (1.5, 1.5)
157.5462 	EXP 	trial2Target: autoDraw = True
157.5462 	EXP 	trial2Home: autoDraw = True
157.5462 	EXP 	trial2Cursor: autoDraw = True
157.5462 	EXP 	trial2Num: autoDraw = True
157.6991 	DATA 	Keypress: space
157.7171 	EXP 	New trial (rep=71, index=0): None
157.7299 	EXP 	trial2Target: autoDraw = False
157.7299 	EXP 	trial2Home: autoDraw = False
157.7299 	EXP 	trial2Cursor: autoDraw = False
157.7299 	EXP 	trial2Num: autoDraw = False
157.7299 	EXP 	trial2Num: text = '72'
157.7299 	EXP 	trial2Cursor: pos = (1.5, 1.5)
157.7299 	EXP 	trial2Target: autoDraw = True
157.7299 	EXP 	trial2Home: autoDraw = True
157.7299 	EXP 	trial2Cursor: autoDraw = True
157.7299 	EXP 	trial2Num: autoDraw = True
157.8991 	DATA 	Keypress: space
157.9165 	EXP 	New trial (rep=72, index=0): None
157.9295 	EXP 	trial2Target: autoDraw = False
157.9295 	EXP 	trial2Home: autoDraw = False
157.9295 	EXP 	trial2Cursor: autoDraw = False
157.9295 	EXP 	trial2Num: autoDraw = False
157.9295 	EXP 	trial2Num: text = '73'
157.9295 	EXP 	trial2Cursor: pos = (1.5, 1.5)
157.9295 	EXP 	trial2Target: autoDraw = True
157.9295 	EXP 	trial2Home: autoDraw = True
157.9295 	EXP 	trial2Cursor: autoDraw = True
157.9295 	EXP 	trial2Num: autoDraw = True
158.0991 	EXP 	New trial (rep=73, index=0): None
158.1029 	DATA 	Keypress: space
158.1122 	EXP 	trial2Target: autoDraw = False
158.1122 	EXP 	trial2Home: autoDraw = False
158.1122 	EXP 	trial2Cursor: autoDraw = False
158.1122 	EXP 	trial2Num: autoDraw = False
158.1122 	EXP 	trial2Num: text = '74'
158.1122 	EXP 	trial2Cursor: pos = (1.5, 1.5)
158.1122 	EXP 	trial2Target: autoDraw = True
158.1122 	EXP 	trial2Home: autoDraw = True
158.1122 	EXP 	trial2Cursor: autoDraw = True
158.1122 	EXP 	trial2Num: autoDraw = True
158.2824 	DATA 	Keypress: space
158.2996 	EXP 	New trial (rep=74, index=0): None
158.3116 	EXP 	trial2Target: autoDraw = False
158.3116 	EXP 	trial2Home: autoDraw = False
158.3116 	EXP 	trial2Cursor: autoDraw = False
158.3116 	EXP 	trial2Num: autoDraw = False
158.3116 	EXP 	trial2Num: text = '75'
158.3116 	EXP 	trial2Cursor: pos = (1.5, 1.5)
158.3116 	EXP 	trial2Target: autoDraw = True
158.3116 	EXP 	trial2Home: autoDraw = True
158.3116 	EXP 	trial2Cursor: autoDraw = True
158.3116 	EXP 	trial2Num: autoDraw = True
158.4824 	DATA 	Keypress: space
158.5001 	EXP 	New trial (rep=75, index=0): None
158.5116 	EXP 	trial2Target: autoDraw = False
158.5116 	EXP 	trial2Home: autoDraw = False
158.5116 	EXP 	trial2Cursor: autoDraw = False
158.5116 	EXP 	trial2Num: autoDraw = False
158.5116 	EXP 	trial2Num: text = '76'
158.5116 	EXP 	trial2Cursor: pos = (1.5, 1.5)
158.5116 	EXP 	trial2Target: autoDraw = True
158.5116 	EXP 	trial2Home: autoDraw = True
158.5116 	EXP 	trial2Cursor: autoDraw = True
158.5116 	EXP 	trial2Num: autoDraw = True
158.6823 	DATA 	Keypress: space
158.6995 	EXP 	New trial (rep=76, index=0): None
158.7121 	EXP 	trial2Target: autoDraw = False
158.7121 	EXP 	trial2Home: autoDraw = False
158.7121 	EXP 	trial2Cursor: autoDraw = False
158.7121 	EXP 	trial2Num: autoDraw = False
158.7121 	EXP 	trial2Num: text = '77'
158.7121 	EXP 	trial2Cursor: pos = (1.5, 1.5)
158.7121 	EXP 	trial2Target: autoDraw = True
158.7121 	EXP 	trial2Home: autoDraw = True
158.7121 	EXP 	trial2Cursor: autoDraw = True
158.7121 	EXP 	trial2Num: autoDraw = True
158.8996 	EXP 	New trial (rep=77, index=0): None
158.9030 	DATA 	Keypress: space
158.9122 	EXP 	trial2Target: autoDraw = False
158.9122 	EXP 	trial2Home: autoDraw = False
158.9122 	EXP 	trial2Cursor: autoDraw = False
158.9122 	EXP 	trial2Num: autoDraw = False
158.9122 	EXP 	trial2Num: text = '78'
158.9122 	EXP 	trial2Cursor: pos = (1.5, 1.5)
158.9122 	EXP 	trial2Target: autoDraw = True
158.9122 	EXP 	trial2Home: autoDraw = True
158.9122 	EXP 	trial2Cursor: autoDraw = True
158.9122 	EXP 	trial2Num: autoDraw = True
159.1324 	DATA 	Keypress: space
159.1558 	EXP 	New trial (rep=78, index=0): None
159.1688 	EXP 	trial2Target: autoDraw = False
159.1688 	EXP 	trial2Home: autoDraw = False
159.1688 	EXP 	trial2Cursor: autoDraw = False
159.1688 	EXP 	trial2Num: autoDraw = False
159.1688 	EXP 	trial2Num: text = '79'
159.1688 	EXP 	trial2Cursor: pos = (1.5, 1.5)
159.1688 	EXP 	trial2Target: autoDraw = True
159.1688 	EXP 	trial2Home: autoDraw = True
159.1688 	EXP 	trial2Cursor: autoDraw = True
159.1688 	EXP 	trial2Num: autoDraw = True
159.3657 	DATA 	Keypress: space
159.3832 	EXP 	New trial (rep=79, index=0): None
159.3968 	EXP 	trial2Target: autoDraw = False
159.3968 	EXP 	trial2Home: autoDraw = False
159.3968 	EXP 	trial2Cursor: autoDraw = False
159.3968 	EXP 	trial2Num: autoDraw = False
159.3968 	EXP 	trial2Num: text = '80'
159.3968 	EXP 	trial2Cursor: pos = (1.5, 1.5)
159.3968 	EXP 	trial2Target: autoDraw = True
159.3968 	EXP 	trial2Home: autoDraw = True
159.3968 	EXP 	trial2Cursor: autoDraw = True
159.3968 	EXP 	trial2Num: autoDraw = True
159.5658 	DATA 	Keypress: space
159.5833 	EXP 	New trial (rep=80, index=0): None
159.5969 	EXP 	trial2Target: autoDraw = False
159.5969 	EXP 	trial2Home: autoDraw = False
159.5969 	EXP 	trial2Cursor: autoDraw = False
159.5969 	EXP 	trial2Num: autoDraw = False
159.5969 	EXP 	trial2Num: text = '81'
159.5969 	EXP 	trial2Cursor: pos = (1.5, 1.5)
159.5969 	EXP 	trial2Target: autoDraw = True
159.5969 	EXP 	trial2Home: autoDraw = True
159.5969 	EXP 	trial2Cursor: autoDraw = True
159.5969 	EXP 	trial2Num: autoDraw = True
159.9322 	DATA 	Keypress: space
159.9497 	EXP 	New trial (rep=81, index=0): None
159.9633 	EXP 	trial2Target: autoDraw = False
159.9633 	EXP 	trial2Home: autoDraw = False
159.9633 	EXP 	trial2Cursor: autoDraw = False
159.9633 	EXP 	trial2Num: autoDraw = False
159.9633 	EXP 	trial2Num: text = '82'
159.9633 	EXP 	trial2Cursor: pos = (1.5, 1.5)
159.9633 	EXP 	trial2Target: autoDraw = True
159.9633 	EXP 	trial2Home: autoDraw = True
159.9633 	EXP 	trial2Cursor: autoDraw = True
159.9633 	EXP 	trial2Num: autoDraw = True
160.1488 	DATA 	Keypress: space
160.1714 	EXP 	New trial (rep=82, index=0): None
160.1842 	EXP 	trial2Target: autoDraw = False
160.1842 	EXP 	trial2Home: autoDraw = False
160.1842 	EXP 	trial2Cursor: autoDraw = False
160.1842 	EXP 	trial2Num: autoDraw = False
160.1842 	EXP 	trial2Num: text = '83'
160.1842 	EXP 	trial2Cursor: pos = (1.5, 1.5)
160.1842 	EXP 	trial2Target: autoDraw = True
160.1842 	EXP 	trial2Home: autoDraw = True
160.1842 	EXP 	trial2Cursor: autoDraw = True
160.1842 	EXP 	trial2Num: autoDraw = True
160.3488 	DATA 	Keypress: space
160.3664 	EXP 	New trial (rep=83, index=0): None
160.3796 	EXP 	trial2Target: autoDraw = False
160.3796 	EXP 	trial2Home: autoDraw = False
160.3796 	EXP 	trial2Cursor: autoDraw = False
160.3796 	EXP 	trial2Num: autoDraw = False
160.3796 	EXP 	trial2Num: text = '84'
160.3796 	EXP 	trial2Cursor: pos = (1.5, 1.5)
160.3796 	EXP 	trial2Target: autoDraw = True
160.3796 	EXP 	trial2Home: autoDraw = True
160.3796 	EXP 	trial2Cursor: autoDraw = True
160.3796 	EXP 	trial2Num: autoDraw = True
160.5654 	DATA 	Keypress: space
160.5885 	EXP 	New trial (rep=84, index=0): None
160.6007 	EXP 	trial2Target: autoDraw = False
160.6007 	EXP 	trial2Home: autoDraw = False
160.6007 	EXP 	trial2Cursor: autoDraw = False
160.6007 	EXP 	trial2Num: autoDraw = False
160.6007 	EXP 	trial2Num: text = '85'
160.6007 	EXP 	trial2Cursor: pos = (1.5, 1.5)
160.6007 	EXP 	trial2Target: autoDraw = True
160.6007 	EXP 	trial2Home: autoDraw = True
160.6007 	EXP 	trial2Cursor: autoDraw = True
160.6007 	EXP 	trial2Num: autoDraw = True
160.8042 	DATA 	Keypress: space
160.8325 	EXP 	New trial (rep=85, index=0): None
160.8452 	EXP 	trial2Target: autoDraw = False
160.8452 	EXP 	trial2Home: autoDraw = False
160.8452 	EXP 	trial2Cursor: autoDraw = False
160.8452 	EXP 	trial2Num: autoDraw = False
160.8452 	EXP 	trial2Num: text = '86'
160.8452 	EXP 	trial2Cursor: pos = (1.5, 1.5)
160.8452 	EXP 	trial2Target: autoDraw = True
160.8452 	EXP 	trial2Home: autoDraw = True
160.8452 	EXP 	trial2Cursor: autoDraw = True
160.8452 	EXP 	trial2Num: autoDraw = True
161.0152 	DATA 	Keypress: space
161.0330 	EXP 	New trial (rep=86, index=0): None
161.0447 	EXP 	trial2Target: autoDraw = False
161.0447 	EXP 	trial2Home: autoDraw = False
161.0447 	EXP 	trial2Cursor: autoDraw = False
161.0447 	EXP 	trial2Num: autoDraw = False
161.0447 	EXP 	trial2Num: text = '87'
161.0447 	EXP 	trial2Cursor: pos = (1.5, 1.5)
161.0447 	EXP 	trial2Target: autoDraw = True
161.0447 	EXP 	trial2Home: autoDraw = True
161.0447 	EXP 	trial2Cursor: autoDraw = True
161.0447 	EXP 	trial2Num: autoDraw = True
161.2486 	DATA 	Keypress: space
161.2672 	EXP 	New trial (rep=87, index=0): None
161.2791 	EXP 	trial2Target: autoDraw = False
161.2791 	EXP 	trial2Home: autoDraw = False
161.2791 	EXP 	trial2Cursor: autoDraw = False
161.2791 	EXP 	trial2Num: autoDraw = False
161.2791 	EXP 	trial2Num: text = '88'
161.2791 	EXP 	trial2Cursor: pos = (1.5, 1.5)
161.2791 	EXP 	trial2Target: autoDraw = True
161.2791 	EXP 	trial2Home: autoDraw = True
161.2791 	EXP 	trial2Cursor: autoDraw = True
161.2791 	EXP 	trial2Num: autoDraw = True
161.4984 	DATA 	Keypress: space
161.5157 	EXP 	New trial (rep=88, index=0): None
161.5282 	EXP 	trial2Target: autoDraw = False
161.5282 	EXP 	trial2Home: autoDraw = False
161.5282 	EXP 	trial2Cursor: autoDraw = False
161.5282 	EXP 	trial2Num: autoDraw = False
161.5282 	EXP 	trial2Num: text = '89'
161.5282 	EXP 	trial2Cursor: pos = (1.5, 1.5)
161.5282 	EXP 	trial2Target: autoDraw = True
161.5282 	EXP 	trial2Home: autoDraw = True
161.5282 	EXP 	trial2Cursor: autoDraw = True
161.5282 	EXP 	trial2Num: autoDraw = True
161.7652 	DATA 	Keypress: space
161.7824 	EXP 	New trial (rep=89, index=0): None
161.7948 	EXP 	trial2Target: autoDraw = False
161.7948 	EXP 	trial2Home: autoDraw = False
161.7948 	EXP 	trial2Cursor: autoDraw = False
161.7948 	EXP 	trial2Num: autoDraw = False
161.7948 	EXP 	trial2Num: text = '90'
161.7948 	EXP 	trial2Cursor: pos = (1.5, 1.5)
161.7948 	EXP 	trial2Target: autoDraw = True
161.7948 	EXP 	trial2Home: autoDraw = True
161.7948 	EXP 	trial2Cursor: autoDraw = True
161.7948 	EXP 	trial2Num: autoDraw = True
162.0209 	DATA 	Keypress: space
162.0554 	EXP 	trial2Target: autoDraw = False
162.0554 	EXP 	trial2Home: autoDraw = False
162.0554 	EXP 	trial2Cursor: autoDraw = False
162.0554 	EXP 	trial2Num: autoDraw = False
162.0554 	EXP 	instr3: autoDraw = True
162.3216 	DATA 	Keypress: space
162.3310 	EXP 	instr3: autoDraw = False
162.3310 	EXP 	fix3: autoDraw = True
163.3167 	EXP 	Created sequence: sequential, trialTypes=1, nReps=30, seed=None
163.3174 	EXP 	New trial (rep=0, index=0): None
163.3308 	EXP 	fix3: autoDraw = False
163.3308 	EXP 	fix3: autoDraw = False
163.3308 	EXP 	trial3Num: text = '1'
163.3308 	EXP 	trial3Cursor: pos = (1.5, 1.5)
163.3308 	EXP 	trial3Target: autoDraw = True
163.3308 	EXP 	trial3Home: autoDraw = True
163.3308 	EXP 	trial3Cursor: autoDraw = True
163.3308 	EXP 	trial3Num: autoDraw = True
170.3999 	EXP 	New trial (rep=1, index=0): None
170.4122 	EXP 	trial3Target: autoDraw = False
170.4122 	EXP 	trial3Home: autoDraw = False
170.4122 	EXP 	trial3Cursor: autoDraw = False
170.4122 	EXP 	trial3Num: autoDraw = False
170.4122 	EXP 	trial3Num: text = '2'
170.4122 	EXP 	trial3Cursor: pos = (1.5, 1.5)
170.4122 	EXP 	trial3Target: autoDraw = True
170.4122 	EXP 	trial3Home: autoDraw = True
170.4122 	EXP 	trial3Cursor: autoDraw = True
170.4122 	EXP 	trial3Num: autoDraw = True
173.8438 	EXP 	New trial (rep=2, index=0): None
173.8564 	EXP 	trial3Target: autoDraw = False
173.8564 	EXP 	trial3Home: autoDraw = False
173.8564 	EXP 	trial3Cursor: autoDraw = False
173.8564 	EXP 	trial3Num: autoDraw = False
173.8564 	EXP 	trial3Num: text = '3'
173.8564 	EXP 	trial3Cursor: pos = (1.5, 1.5)
173.8564 	EXP 	trial3Target: autoDraw = True
173.8564 	EXP 	trial3Home: autoDraw = True
173.8564 	EXP 	trial3Cursor: autoDraw = True
173.8564 	EXP 	trial3Num: autoDraw = True
176.1077 	EXP 	New trial (rep=3, index=0): None
176.1208 	EXP 	trial3Target: autoDraw = False
176.1208 	EXP 	trial3Home: autoDraw = False
176.1208 	EXP 	trial3Cursor: autoDraw = False
176.1208 	EXP 	trial3Num: autoDraw = False
176.1208 	EXP 	trial3Num: text = '4'
176.1208 	EXP 	trial3Cursor: pos = (1.5, 1.5)
176.1208 	EXP 	trial3Target: autoDraw = True
176.1208 	EXP 	trial3Home: autoDraw = True
176.1208 	EXP 	trial3Cursor: autoDraw = True
176.1208 	EXP 	trial3Num: autoDraw = True
177.4921 	EXP 	New trial (rep=4, index=0): None
177.5054 	EXP 	trial3Target: autoDraw = False
177.5054 	EXP 	trial3Home: autoDraw = False
177.5054 	EXP 	trial3Cursor: autoDraw = False
177.5054 	EXP 	trial3Num: autoDraw = False
177.5054 	EXP 	trial3Num: text = '5'
177.5054 	EXP 	trial3Cursor: pos = (1.5, 1.5)
177.5054 	EXP 	trial3Target: autoDraw = True
177.5054 	EXP 	trial3Home: autoDraw = True
177.5054 	EXP 	trial3Cursor: autoDraw = True
177.5054 	EXP 	trial3Num: autoDraw = True
179.0050 	EXP 	New trial (rep=5, index=0): None
179.0177 	EXP 	trial3Target: autoDraw = False
179.0177 	EXP 	trial3Home: autoDraw = False
179.0177 	EXP 	trial3Cursor: autoDraw = False
179.0177 	EXP 	trial3Num: autoDraw = False
179.0177 	EXP 	trial3Num: text = '6'
179.0177 	EXP 	trial3Cursor: pos = (1.5, 1.5)
179.0177 	EXP 	trial3Target: autoDraw = True
179.0177 	EXP 	trial3Home: autoDraw = True
179.0177 	EXP 	trial3Cursor: autoDraw = True
179.0177 	EXP 	trial3Num: autoDraw = True
181.0080 	EXP 	New trial (rep=6, index=0): None
181.0207 	EXP 	trial3Target: autoDraw = False
181.0207 	EXP 	trial3Home: autoDraw = False
181.0207 	EXP 	trial3Cursor: autoDraw = False
181.0207 	EXP 	trial3Num: autoDraw = False
181.0207 	EXP 	trial3Num: text = '7'
181.0207 	EXP 	trial3Cursor: pos = (1.5, 1.5)
181.0207 	EXP 	trial3Target: autoDraw = True
181.0207 	EXP 	trial3Home: autoDraw = True
181.0207 	EXP 	trial3Cursor: autoDraw = True
181.0207 	EXP 	trial3Num: autoDraw = True
182.8224 	EXP 	New trial (rep=7, index=0): None
182.8349 	EXP 	trial3Target: autoDraw = False
182.8349 	EXP 	trial3Home: autoDraw = False
182.8349 	EXP 	trial3Cursor: autoDraw = False
182.8349 	EXP 	trial3Num: autoDraw = False
182.8349 	EXP 	trial3Num: text = '8'
182.8349 	EXP 	trial3Cursor: pos = (1.5, 1.5)
182.8349 	EXP 	trial3Target: autoDraw = True
182.8349 	EXP 	trial3Home: autoDraw = True
182.8349 	EXP 	trial3Cursor: autoDraw = True
182.8349 	EXP 	trial3Num: autoDraw = True
183.8876 	EXP 	New trial (rep=8, index=0): None
183.9008 	EXP 	trial3Target: autoDraw = False
183.9008 	EXP 	trial3Home: autoDraw = False
183.9008 	EXP 	trial3Cursor: autoDraw = False
183.9008 	EXP 	trial3Num: autoDraw = False
183.9008 	EXP 	trial3Num: text = '9'
183.9008 	EXP 	trial3Cursor: pos = (1.5, 1.5)
183.9008 	EXP 	trial3Target: autoDraw = True
183.9008 	EXP 	trial3Home: autoDraw = True
183.9008 	EXP 	trial3Cursor: autoDraw = True
183.9008 	EXP 	trial3Num: autoDraw = True
185.3716 	EXP 	New trial (rep=9, index=0): None
185.3834 	EXP 	trial3Target: autoDraw = False
185.3834 	EXP 	trial3Home: autoDraw = False
185.3834 	EXP 	trial3Cursor: autoDraw = False
185.3834 	EXP 	trial3Num: autoDraw = False
185.3834 	EXP 	trial3Num: text = '10'
185.3834 	EXP 	trial3Cursor: pos = (1.5, 1.5)
185.3834 	EXP 	trial3Target: autoDraw = True
185.3834 	EXP 	trial3Home: autoDraw = True
185.3834 	EXP 	trial3Cursor: autoDraw = True
185.3834 	EXP 	trial3Num: autoDraw = True
186.6537 	EXP 	New trial (rep=10, index=0): None
186.6663 	EXP 	trial3Target: autoDraw = False
186.6663 	EXP 	trial3Home: autoDraw = False
186.6663 	EXP 	trial3Cursor: autoDraw = False
186.6663 	EXP 	trial3Num: autoDraw = False
186.6663 	EXP 	trial3Num: text = '11'
186.6663 	EXP 	trial3Cursor: pos = (1.5, 1.5)
186.6663 	EXP 	trial3Target: autoDraw = True
186.6663 	EXP 	trial3Home: autoDraw = True
186.6663 	EXP 	trial3Cursor: autoDraw = True
186.6663 	EXP 	trial3Num: autoDraw = True
188.0210 	EXP 	New trial (rep=11, index=0): None
188.0331 	EXP 	trial3Target: autoDraw = False
188.0331 	EXP 	trial3Home: autoDraw = False
188.0331 	EXP 	trial3Cursor: autoDraw = False
188.0331 	EXP 	trial3Num: autoDraw = False
188.0331 	EXP 	trial3Num: text = '12'
188.0331 	EXP 	trial3Cursor: pos = (1.5, 1.5)
188.0331 	EXP 	trial3Target: autoDraw = True
188.0331 	EXP 	trial3Home: autoDraw = True
188.0331 	EXP 	trial3Cursor: autoDraw = True
188.0331 	EXP 	trial3Num: autoDraw = True
189.0218 	EXP 	New trial (rep=12, index=0): None
189.0337 	EXP 	trial3Target: autoDraw = False
189.0337 	EXP 	trial3Home: autoDraw = False
189.0337 	EXP 	trial3Cursor: autoDraw = False
189.0337 	EXP 	trial3Num: autoDraw = False
189.0337 	EXP 	trial3Num: text = '13'
189.0337 	EXP 	trial3Cursor: pos = (1.5, 1.5)
189.0337 	EXP 	trial3Target: autoDraw = True
189.0337 	EXP 	trial3Home: autoDraw = True
189.0337 	EXP 	trial3Cursor: autoDraw = True
189.0337 	EXP 	trial3Num: autoDraw = True
190.6719 	EXP 	New trial (rep=13, index=0): None
190.6841 	EXP 	trial3Target: autoDraw = False
190.6841 	EXP 	trial3Home: autoDraw = False
190.6841 	EXP 	trial3Cursor: autoDraw = False
190.6841 	EXP 	trial3Num: autoDraw = False
190.6841 	EXP 	trial3Num: text = '14'
190.6841 	EXP 	trial3Cursor: pos = (1.5, 1.5)
190.6841 	EXP 	trial3Target: autoDraw = True
190.6841 	EXP 	trial3Home: autoDraw = True
190.6841 	EXP 	trial3Cursor: autoDraw = True
190.6841 	EXP 	trial3Num: autoDraw = True
192.0366 	EXP 	New trial (rep=14, index=0): None
192.0507 	EXP 	trial3Target: autoDraw = False
192.0507 	EXP 	trial3Home: autoDraw = False
192.0507 	EXP 	trial3Cursor: autoDraw = False
192.0507 	EXP 	trial3Num: autoDraw = False
192.0507 	EXP 	trial3Num: text = '15'
192.0507 	EXP 	trial3Cursor: pos = (1.5, 1.5)
192.0507 	EXP 	trial3Target: autoDraw = True
192.0507 	EXP 	trial3Home: autoDraw = True
192.0507 	EXP 	trial3Cursor: autoDraw = True
192.0507 	EXP 	trial3Num: autoDraw = True
193.0685 	EXP 	New trial (rep=15, index=0): None
193.0846 	EXP 	trial3Target: autoDraw = False
193.0846 	EXP 	trial3Home: autoDraw = False
193.0846 	EXP 	trial3Cursor: autoDraw = False
193.0846 	EXP 	trial3Num: autoDraw = False
193.0846 	EXP 	trial3Num: text = '16'
193.0846 	EXP 	trial3Cursor: pos = (1.5, 1.5)
193.0846 	EXP 	trial3Target: autoDraw = True
193.0846 	EXP 	trial3Home: autoDraw = True
193.0846 	EXP 	trial3Cursor: autoDraw = True
193.0846 	EXP 	trial3Num: autoDraw = True
194.3858 	EXP 	New trial (rep=16, index=0): None
194.3997 	EXP 	trial3Target: autoDraw = False
194.3997 	EXP 	trial3Home: autoDraw = False
194.3997 	EXP 	trial3Cursor: autoDraw = False
194.3997 	EXP 	trial3Num: autoDraw = False
194.3997 	EXP 	trial3Num: text = '17'
194.3997 	EXP 	trial3Cursor: pos = (1.5, 1.5)
194.3997 	EXP 	trial3Target: autoDraw = True
194.3997 	EXP 	trial3Home: autoDraw = True
194.3997 	EXP 	trial3Cursor: autoDraw = True
194.3997 	EXP 	trial3Num: autoDraw = True
195.6376 	EXP 	New trial (rep=17, index=0): None
195.6513 	EXP 	trial3Target: autoDraw = False
195.6513 	EXP 	trial3Home: autoDraw = False
195.6513 	EXP 	trial3Cursor: autoDraw = False
195.6513 	EXP 	trial3Num: autoDraw = False
195.6513 	EXP 	trial3Num: text = '18'
195.6513 	EXP 	trial3Cursor: pos = (1.5, 1.5)
195.6513 	EXP 	trial3Target: autoDraw = True
195.6513 	EXP 	trial3Home: autoDraw = True
195.6513 	EXP 	trial3Cursor: autoDraw = True
195.6513 	EXP 	trial3Num: autoDraw = True
196.9692 	EXP 	New trial (rep=18, index=0): None
196.9827 	EXP 	trial3Target: autoDraw = False
196.9827 	EXP 	trial3Home: autoDraw = False
196.9827 	EXP 	trial3Cursor: autoDraw = False
196.9827 	EXP 	trial3Num: autoDraw = False
196.9827 	EXP 	trial3Num: text = '19'
196.9827 	EXP 	trial3Cursor: pos = (1.5, 1.5)
196.9827 	EXP 	trial3Target: autoDraw = True
196.9827 	EXP 	trial3Home: autoDraw = True
196.9827 	EXP 	trial3Cursor: autoDraw = True
196.9827 	EXP 	trial3Num: autoDraw = True
198.2674 	EXP 	New trial (rep=19, index=0): None
198.2810 	EXP 	trial3Target: autoDraw = False
198.2810 	EXP 	trial3Home: autoDraw = False
198.2810 	EXP 	trial3Cursor: autoDraw = False
198.2810 	EXP 	trial3Num: autoDraw = False
198.2810 	EXP 	trial3Num: text = '20'
198.2810 	EXP 	trial3Cursor: pos = (1.5, 1.5)
198.2810 	EXP 	trial3Target: autoDraw = True
198.2810 	EXP 	trial3Home: autoDraw = True
198.2810 	EXP 	trial3Cursor: autoDraw = True
198.2810 	EXP 	trial3Num: autoDraw = True
199.8696 	EXP 	New trial (rep=20, index=0): None
199.8830 	EXP 	trial3Target: autoDraw = False
199.8830 	EXP 	trial3Home: autoDraw = False
199.8830 	EXP 	trial3Cursor: autoDraw = False
199.8830 	EXP 	trial3Num: autoDraw = False
199.8830 	EXP 	trial3Num: text = '21'
199.8830 	EXP 	trial3Cursor: pos = (1.5, 1.5)
199.8830 	EXP 	trial3Target: autoDraw = True
199.8830 	EXP 	trial3Home: autoDraw = True
199.8830 	EXP 	trial3Cursor: autoDraw = True
199.8830 	EXP 	trial3Num: autoDraw = True
201.0197 	EXP 	New trial (rep=21, index=0): None
201.0325 	EXP 	trial3Target: autoDraw = False
201.0325 	EXP 	trial3Home: autoDraw = False
201.0325 	EXP 	trial3Cursor: autoDraw = False
201.0325 	EXP 	trial3Num: autoDraw = False
201.0325 	EXP 	trial3Num: text = '22'
201.0325 	EXP 	trial3Cursor: pos = (1.5, 1.5)
201.0325 	EXP 	trial3Target: autoDraw = True
201.0325 	EXP 	trial3Home: autoDraw = True
201.0325 	EXP 	trial3Cursor: autoDraw = True
201.0325 	EXP 	trial3Num: autoDraw = True
202.1184 	EXP 	New trial (rep=22, index=0): None
202.1311 	EXP 	trial3Target: autoDraw = False
202.1311 	EXP 	trial3Home: autoDraw = False
202.1311 	EXP 	trial3Cursor: autoDraw = False
202.1311 	EXP 	trial3Num: autoDraw = False
202.1311 	EXP 	trial3Num: text = '23'
202.1311 	EXP 	trial3Cursor: pos = (1.5, 1.5)
202.1311 	EXP 	trial3Target: autoDraw = True
202.1311 	EXP 	trial3Home: autoDraw = True
202.1311 	EXP 	trial3Cursor: autoDraw = True
202.1311 	EXP 	trial3Num: autoDraw = True
203.1833 	EXP 	New trial (rep=23, index=0): None
203.1959 	EXP 	trial3Target: autoDraw = False
203.1959 	EXP 	trial3Home: autoDraw = False
203.1959 	EXP 	trial3Cursor: autoDraw = False
203.1959 	EXP 	trial3Num: autoDraw = False
203.1959 	EXP 	trial3Num: text = '24'
203.1959 	EXP 	trial3Cursor: pos = (1.5, 1.5)
203.1959 	EXP 	trial3Target: autoDraw = True
203.1959 	EXP 	trial3Home: autoDraw = True
203.1959 	EXP 	trial3Cursor: autoDraw = True
203.1959 	EXP 	trial3Num: autoDraw = True
204.4334 	EXP 	New trial (rep=24, index=0): None
204.4472 	EXP 	trial3Target: autoDraw = False
204.4472 	EXP 	trial3Home: autoDraw = False
204.4472 	EXP 	trial3Cursor: autoDraw = False
204.4472 	EXP 	trial3Num: autoDraw = False
204.4472 	EXP 	trial3Num: text = '25'
204.4472 	EXP 	trial3Cursor: pos = (1.5, 1.5)
204.4472 	EXP 	trial3Target: autoDraw = True
204.4472 	EXP 	trial3Home: autoDraw = True
204.4472 	EXP 	trial3Cursor: autoDraw = True
204.4472 	EXP 	trial3Num: autoDraw = True
205.4658 	EXP 	New trial (rep=25, index=0): None
205.4792 	EXP 	trial3Target: autoDraw = False
205.4792 	EXP 	trial3Home: autoDraw = False
205.4792 	EXP 	trial3Cursor: autoDraw = False
205.4792 	EXP 	trial3Num: autoDraw = False
205.4792 	EXP 	trial3Num: text = '26'
205.4792 	EXP 	trial3Cursor: pos = (1.5, 1.5)
205.4792 	EXP 	trial3Target: autoDraw = True
205.4792 	EXP 	trial3Home: autoDraw = True
205.4792 	EXP 	trial3Cursor: autoDraw = True
205.4792 	EXP 	trial3Num: autoDraw = True
206.7564 	EXP 	New trial (rep=26, index=0): None
206.7703 	EXP 	trial3Target: autoDraw = False
206.7703 	EXP 	trial3Home: autoDraw = False
206.7703 	EXP 	trial3Cursor: autoDraw = False
206.7703 	EXP 	trial3Num: autoDraw = False
206.7703 	EXP 	trial3Num: text = '27'
206.7703 	EXP 	trial3Cursor: pos = (1.5, 1.5)
206.7703 	EXP 	trial3Target: autoDraw = True
206.7703 	EXP 	trial3Home: autoDraw = True
206.7703 	EXP 	trial3Cursor: autoDraw = True
206.7703 	EXP 	trial3Num: autoDraw = True
207.9673 	EXP 	New trial (rep=27, index=0): None
207.9812 	EXP 	trial3Target: autoDraw = False
207.9812 	EXP 	trial3Home: autoDraw = False
207.9812 	EXP 	trial3Cursor: autoDraw = False
207.9812 	EXP 	trial3Num: autoDraw = False
207.9812 	EXP 	trial3Num: text = '28'
207.9812 	EXP 	trial3Cursor: pos = (1.5, 1.5)
207.9812 	EXP 	trial3Target: autoDraw = True
207.9812 	EXP 	trial3Home: autoDraw = True
207.9812 	EXP 	trial3Cursor: autoDraw = True
207.9812 	EXP 	trial3Num: autoDraw = True
209.3327 	EXP 	New trial (rep=28, index=0): None
209.3459 	EXP 	trial3Target: autoDraw = False
209.3459 	EXP 	trial3Home: autoDraw = False
209.3459 	EXP 	trial3Cursor: autoDraw = False
209.3459 	EXP 	trial3Num: autoDraw = False
209.3459 	EXP 	trial3Num: text = '29'
209.3459 	EXP 	trial3Cursor: pos = (1.5, 1.5)
209.3459 	EXP 	trial3Target: autoDraw = True
209.3459 	EXP 	trial3Home: autoDraw = True
209.3459 	EXP 	trial3Cursor: autoDraw = True
209.3459 	EXP 	trial3Num: autoDraw = True
210.5167 	EXP 	New trial (rep=29, index=0): None
210.5302 	EXP 	trial3Target: autoDraw = False
210.5302 	EXP 	trial3Home: autoDraw = False
210.5302 	EXP 	trial3Cursor: autoDraw = False
210.5302 	EXP 	trial3Num: autoDraw = False
210.5302 	EXP 	trial3Num: text = '30'
210.5302 	EXP 	trial3Cursor: pos = (1.5, 1.5)
210.5302 	EXP 	trial3Target: autoDraw = True
210.5302 	EXP 	trial3Home: autoDraw = True
210.5302 	EXP 	trial3Cursor: autoDraw = True
210.5302 	EXP 	trial3Num: autoDraw = True
211.8210 	EXP 	trial3Target: autoDraw = False
211.8210 	EXP 	trial3Home: autoDraw = False
211.8210 	EXP 	trial3Cursor: autoDraw = False
211.8210 	EXP 	trial3Num: autoDraw = False
211.8210 	EXP 	thanks: autoDraw = True
214.8182 	EXP 	window1: mouseVisible = True
214.8183 	EXP 	window1: mouseVisible = True
214.8343 	EXP 	thanks: autoDraw = False
215.7530 	EXP 	window1: mouseVisible = True
